I1117 10:46:46.085014   57719 load.go:31] Reloading schema and connectors...
I1117 10:46:46.178681   57719 control.go:94] [/emulator/playlink 1fe3] UpdateResources(): done
Main schema: sources: schema/schema.gql [5231B] 
Connector "playlink-connector": sources: connector/mutations.gql [9773B] connector/queries.gql [6684B] 
I1117 10:46:46.251200   57719 codegen.go:80] [connector "playlink-connector" javascriptSdk] Generating sources into "/home/hiasano/hiasano/myapps/Play_Link/app/src/generated"
I1117 10:46:46.298585   57719 collector.go:107] schema extensions wrote into "/home/hiasano/hiasano/myapps/Play_Link/dataconnect/.dataconnect/schema"
Generated sources: main/relation.gql [74330B] prelude.gql [73219B] main/query.gql [12535B] main/mutation.gql [33839B] main/implicit.gql [3975B] main/input.gql [134064B] 
I1117 10:46:46.306911   57719 collector.go:107] connector "playlink-connector" javascriptSdk wrote into "/home/hiasano/hiasano/myapps/Play_Link/app/src/generated"
Generated sources: index.d.ts [44812B] esm/index.esm.js [18579B] esm/package.json [17B] .guides/usage.md [2148B] .guides/config.json [236B] index.cjs.js [21154B] package.json [647B] README.md [209554B] .guides/setup.md [583B] 
I1117 10:46:46.307004   57719 installsdk.go:138] generate.javascriptSdk.packageJsonDir is not specified, skipping automatic installation of package
I1117 10:46:46.308005   57719 load.go:109] Finished reloading
I1117 10:46:46.426356   57719 dev.go:105] Listening on address (HTTP + gRPC): 127.0.0.1:9399
I1117 10:46:52.382420   57719 control.go:94] [/emulator/playlink 433c] UpdateResources(): done
Main schema: sources: schema/schema.gql [5231B] 
Connector "playlink-connector": sources: connector/mutations.gql [9773B] connector/queries.gql [6684B] 
I1117 10:48:02.927329   57719 prepare.go:158] [operation "GetTeams" attempt 1] preparePlan succeeded
I1117 10:48:02.928952   57719 prepare.go:145] [operation "GetTeams" attempt 1] DBStats beforePrepare: sql.DBStats{MaxOpenConnections:1, OpenConnections:1, InUse:0, Idle:1, WaitCount:0, WaitDuration:0, MaxIdleClosed:0, MaxIdleTimeClosed:0, MaxLifetimeClosed:0}, afterPrepare: sql.DBStats{MaxOpenConnections:1, OpenConnections:1, InUse:0, Idle:1, WaitCount:0, WaitDuration:0, MaxIdleClosed:0, MaxIdleTimeClosed:0, MaxLifetimeClosed:0}
I1117 10:48:03.160454   57719 executor.go:89] [operation "GetTeams" attempt 1] DBStats beforeRun: sql.DBStats{MaxOpenConnections:1, OpenConnections:1, InUse:0, Idle:1, WaitCount:0, WaitDuration:0, MaxIdleClosed:0, MaxIdleTimeClosed:0, MaxLifetimeClosed:0}, afterRun: sql.DBStats{MaxOpenConnections:1, OpenConnections:1, InUse:1, Idle:0, WaitCount:7, WaitDuration:0, MaxIdleClosed:0, MaxIdleTimeClosed:0, MaxLifetimeClosed:0}
I1117 10:48:03.162328   57719 engine.go:171] [/emulator/playlink 433c] ExecuteQuery GetTeams: succeeded. Connector: playlink-connector
I1117 10:48:03.277963   57719 executor.go:89] [operation "GetTeams" attempt 1] DBStats beforeRun: sql.DBStats{MaxOpenConnections:1, OpenConnections:1, InUse:1, Idle:0, WaitCount:4, WaitDuration:0, MaxIdleClosed:0, MaxIdleTimeClosed:0, MaxLifetimeClosed:0}, afterRun: sql.DBStats{MaxOpenConnections:1, OpenConnections:1, InUse:1, Idle:0, WaitCount:7, WaitDuration:232707187, MaxIdleClosed:0, MaxIdleTimeClosed:0, MaxLifetimeClosed:0}
I1117 10:48:03.292013   57719 engine.go:171] [/emulator/playlink 433c] ExecuteQuery GetTeams: succeeded. Connector: playlink-connector
I1117 10:48:03.331426   57719 executor.go:89] [operation "GetTeams" attempt 1] DBStats beforeRun: sql.DBStats{MaxOpenConnections:1, OpenConnections:1, InUse:1, Idle:0, WaitCount:3, WaitDuration:0, MaxIdleClosed:0, MaxIdleTimeClosed:0, MaxLifetimeClosed:0}, afterRun: sql.DBStats{MaxOpenConnections:1, OpenConnections:1, InUse:1, Idle:0, WaitCount:7, WaitDuration:582172124, MaxIdleClosed:0, MaxIdleTimeClosed:0, MaxLifetimeClosed:0}
I1117 10:48:03.331496   57719 engine.go:171] [/emulator/playlink 433c] ExecuteQuery GetTeams: succeeded. Connector: playlink-connector
I1117 10:48:03.395355   57719 executor.go:89] [operation "GetTeams" attempt 1] DBStats beforeRun: sql.DBStats{MaxOpenConnections:1, OpenConnections:1, InUse:1, Idle:0, WaitCount:1, WaitDuration:0, MaxIdleClosed:0, MaxIdleTimeClosed:0, MaxLifetimeClosed:0}, afterRun: sql.DBStats{MaxOpenConnections:1, OpenConnections:1, InUse:1, Idle:0, WaitCount:7, WaitDuration:981145440, MaxIdleClosed:0, MaxIdleTimeClosed:0, MaxLifetimeClosed:0}
I1117 10:48:03.395407   57719 engine.go:171] [/emulator/playlink 433c] ExecuteQuery GetTeams: succeeded. Connector: playlink-connector
I1117 10:48:03.457324   57719 executor.go:89] [operation "GetTeams" attempt 1] DBStats beforeRun: sql.DBStats{MaxOpenConnections:1, OpenConnections:1, InUse:1, Idle:0, WaitCount:6, WaitDuration:0, MaxIdleClosed:0, MaxIdleTimeClosed:0, MaxLifetimeClosed:0}, afterRun: sql.DBStats{MaxOpenConnections:1, OpenConnections:1, InUse:1, Idle:0, WaitCount:7, WaitDuration:1443903868, MaxIdleClosed:0, MaxIdleTimeClosed:0, MaxLifetimeClosed:0}
I1117 10:48:03.457374   57719 engine.go:171] [/emulator/playlink 433c] ExecuteQuery GetTeams: succeeded. Connector: playlink-connector
I1117 10:48:03.776015   57719 executor.go:89] [operation "GetTeams" attempt 1] DBStats beforeRun: sql.DBStats{MaxOpenConnections:1, OpenConnections:1, InUse:1, Idle:0, WaitCount:0, WaitDuration:0, MaxIdleClosed:0, MaxIdleTimeClosed:0, MaxLifetimeClosed:0}, afterRun: sql.DBStats{MaxOpenConnections:1, OpenConnections:1, InUse:1, Idle:0, WaitCount:7, WaitDuration:1968673446, MaxIdleClosed:0, MaxIdleTimeClosed:0, MaxLifetimeClosed:0}
I1117 10:48:03.776085   57719 engine.go:171] [/emulator/playlink 433c] ExecuteQuery GetTeams: succeeded. Connector: playlink-connector
I1117 10:48:03.825377   57719 executor.go:89] [operation "GetTeams" attempt 1] DBStats beforeRun: sql.DBStats{MaxOpenConnections:1, OpenConnections:1, InUse:1, Idle:0, WaitCount:2, WaitDuration:0, MaxIdleClosed:0, MaxIdleTimeClosed:0, MaxLifetimeClosed:0}, afterRun: sql.DBStats{MaxOpenConnections:1, OpenConnections:1, InUse:1, Idle:0, WaitCount:7, WaitDuration:2812179221, MaxIdleClosed:0, MaxIdleTimeClosed:0, MaxLifetimeClosed:0}
I1117 10:48:03.825706   57719 engine.go:171] [/emulator/playlink 433c] ExecuteQuery GetTeams: succeeded. Connector: playlink-connector
I1117 10:48:03.875394   57719 executor.go:89] [operation "GetTeams" attempt 1] DBStats beforeRun: sql.DBStats{MaxOpenConnections:1, OpenConnections:1, InUse:1, Idle:0, WaitCount:5, WaitDuration:0, MaxIdleClosed:0, MaxIdleTimeClosed:0, MaxLifetimeClosed:0}, afterRun: sql.DBStats{MaxOpenConnections:1, OpenConnections:1, InUse:0, Idle:1, WaitCount:7, WaitDuration:3705264866, MaxIdleClosed:0, MaxIdleTimeClosed:0, MaxLifetimeClosed:0}
I1117 10:48:03.875447   57719 engine.go:171] [/emulator/playlink 433c] ExecuteQuery GetTeams: succeeded. Connector: playlink-connector
I1117 10:48:05.889303   57719 executor.go:89] [operation "GetTeams" attempt 1] DBStats beforeRun: sql.DBStats{MaxOpenConnections:1, OpenConnections:1, InUse:0, Idle:1, WaitCount:7, WaitDuration:3705264866, MaxIdleClosed:0, MaxIdleTimeClosed:0, MaxLifetimeClosed:0}, afterRun: sql.DBStats{MaxOpenConnections:1, OpenConnections:1, InUse:0, Idle:1, WaitCount:7, WaitDuration:3705264866, MaxIdleClosed:0, MaxIdleTimeClosed:0, MaxLifetimeClosed:0}
I1117 10:48:05.889368   57719 engine.go:171] [/emulator/playlink 433c] ExecuteQuery GetTeams: succeeded. Connector: playlink-connector
I1117 10:48:05.967649   57719 executor.go:89] [operation "GetTeams" attempt 1] DBStats beforeRun: sql.DBStats{MaxOpenConnections:1, OpenConnections:1, InUse:0, Idle:1, WaitCount:7, WaitDuration:3705264866, MaxIdleClosed:0, MaxIdleTimeClosed:0, MaxLifetimeClosed:0}, afterRun: sql.DBStats{MaxOpenConnections:1, OpenConnections:1, InUse:0, Idle:1, WaitCount:7, WaitDuration:3705264866, MaxIdleClosed:0, MaxIdleTimeClosed:0, MaxLifetimeClosed:0}
I1117 10:48:05.967728   57719 engine.go:171] [/emulator/playlink 433c] ExecuteQuery GetTeams: succeeded. Connector: playlink-connector
I1117 10:48:06.833589   57719 executor.go:89] [operation "GetTeams" attempt 1] DBStats beforeRun: sql.DBStats{MaxOpenConnections:1, OpenConnections:1, InUse:0, Idle:1, WaitCount:7, WaitDuration:3705264866, MaxIdleClosed:0, MaxIdleTimeClosed:0, MaxLifetimeClosed:0}, afterRun: sql.DBStats{MaxOpenConnections:1, OpenConnections:1, InUse:1, Idle:0, WaitCount:8, WaitDuration:3705264866, MaxIdleClosed:0, MaxIdleTimeClosed:0, MaxLifetimeClosed:0}
I1117 10:48:06.833653   57719 engine.go:171] [/emulator/playlink 433c] ExecuteQuery GetTeams: succeeded. Connector: playlink-connector
I1117 10:48:06.908634   57719 executor.go:89] [operation "GetTeams" attempt 1] DBStats beforeRun: sql.DBStats{MaxOpenConnections:1, OpenConnections:1, InUse:1, Idle:0, WaitCount:7, WaitDuration:3705264866, MaxIdleClosed:0, MaxIdleTimeClosed:0, MaxLifetimeClosed:0}, afterRun: sql.DBStats{MaxOpenConnections:1, OpenConnections:1, InUse:0, Idle:1, WaitCount:8, WaitDuration:3726128638, MaxIdleClosed:0, MaxIdleTimeClosed:0, MaxLifetimeClosed:0}
I1117 10:48:06.908775   57719 engine.go:171] [/emulator/playlink 433c] ExecuteQuery GetTeams: succeeded. Connector: playlink-connector
I1117 10:48:07.713613   57719 prepare.go:158] [operation "GetTeamBySlug" attempt 1] preparePlan succeeded
I1117 10:48:07.713645   57719 prepare.go:145] [operation "GetTeamBySlug" attempt 1] DBStats beforePrepare: sql.DBStats{MaxOpenConnections:1, OpenConnections:1, InUse:0, Idle:1, WaitCount:8, WaitDuration:3726128638, MaxIdleClosed:0, MaxIdleTimeClosed:0, MaxLifetimeClosed:0}, afterPrepare: sql.DBStats{MaxOpenConnections:1, OpenConnections:1, InUse:0, Idle:1, WaitCount:8, WaitDuration:3726128638, MaxIdleClosed:0, MaxIdleTimeClosed:0, MaxLifetimeClosed:0}
I1117 10:48:07.828982   57719 executor.go:89] [operation "GetTeamBySlug" attempt 1] DBStats beforeRun: sql.DBStats{MaxOpenConnections:1, OpenConnections:1, InUse:0, Idle:1, WaitCount:8, WaitDuration:3726128638, MaxIdleClosed:0, MaxIdleTimeClosed:0, MaxLifetimeClosed:0}, afterRun: sql.DBStats{MaxOpenConnections:1, OpenConnections:1, InUse:1, Idle:0, WaitCount:13, WaitDuration:3726128638, MaxIdleClosed:0, MaxIdleTimeClosed:0, MaxLifetimeClosed:0}
I1117 10:48:07.829092   57719 engine.go:171] [/emulator/playlink 433c] ExecuteQuery GetTeamBySlug: succeeded. Connector: playlink-connector
I1117 10:48:07.896696   57719 executor.go:89] [operation "GetTeamBySlug" attempt 1] DBStats beforeRun: sql.DBStats{MaxOpenConnections:1, OpenConnections:1, InUse:1, Idle:0, WaitCount:12, WaitDuration:3726128638, MaxIdleClosed:0, MaxIdleTimeClosed:0, MaxLifetimeClosed:0}, afterRun: sql.DBStats{MaxOpenConnections:1, OpenConnections:1, InUse:1, Idle:0, WaitCount:13, WaitDuration:3764028807, MaxIdleClosed:0, MaxIdleTimeClosed:0, MaxLifetimeClosed:0}
I1117 10:48:07.898910   57719 engine.go:171] [/emulator/playlink 433c] ExecuteQuery GetTeamBySlug: succeeded. Connector: playlink-connector
I1117 10:48:07.962846   57719 executor.go:89] [operation "GetTeamBySlug" attempt 1] DBStats beforeRun: sql.DBStats{MaxOpenConnections:1, OpenConnections:1, InUse:1, Idle:0, WaitCount:10, WaitDuration:3726128638, MaxIdleClosed:0, MaxIdleTimeClosed:0, MaxLifetimeClosed:0}, afterRun: sql.DBStats{MaxOpenConnections:1, OpenConnections:1, InUse:1, Idle:0, WaitCount:13, WaitDuration:3940977832, MaxIdleClosed:0, MaxIdleTimeClosed:0, MaxLifetimeClosed:0}
I1117 10:48:07.962902   57719 engine.go:171] [/emulator/playlink 433c] ExecuteQuery GetTeamBySlug: succeeded. Connector: playlink-connector
I1117 10:48:08.025900   57719 executor.go:89] [operation "GetTeamBySlug" attempt 1] DBStats beforeRun: sql.DBStats{MaxOpenConnections:1, OpenConnections:1, InUse:0, Idle:1, WaitCount:8, WaitDuration:3726128638, MaxIdleClosed:0, MaxIdleTimeClosed:0, MaxLifetimeClosed:0}, afterRun: sql.DBStats{MaxOpenConnections:1, OpenConnections:1, InUse:1, Idle:0, WaitCount:15, WaitDuration:4189476986, MaxIdleClosed:0, MaxIdleTimeClosed:0, MaxLifetimeClosed:0}
I1117 10:48:08.026060   57719 engine.go:171] [/emulator/playlink 433c] ExecuteQuery GetTeamBySlug: succeeded. Connector: playlink-connector
I1117 10:48:08.076813   57719 executor.go:89] [operation "GetTeamBySlug" attempt 1] DBStats beforeRun: sql.DBStats{MaxOpenConnections:1, OpenConnections:1, InUse:1, Idle:0, WaitCount:9, WaitDuration:3726128638, MaxIdleClosed:0, MaxIdleTimeClosed:0, MaxLifetimeClosed:0}, afterRun: sql.DBStats{MaxOpenConnections:1, OpenConnections:1, InUse:1, Idle:0, WaitCount:15, WaitDuration:4499825361, MaxIdleClosed:0, MaxIdleTimeClosed:0, MaxLifetimeClosed:0}
I1117 10:48:08.076875   57719 engine.go:171] [/emulator/playlink 433c] ExecuteQuery GetTeamBySlug: succeeded. Connector: playlink-connector
I1117 10:48:08.145619   57719 prepare.go:158] [operation "GetUpcomingGames" attempt 1] preparePlan succeeded
I1117 10:48:08.145681   57719 prepare.go:145] [operation "GetUpcomingGames" attempt 1] DBStats beforePrepare: sql.DBStats{MaxOpenConnections:1, OpenConnections:1, InUse:1, Idle:0, WaitCount:13, WaitDuration:4189476986, MaxIdleClosed:0, MaxIdleTimeClosed:0, MaxLifetimeClosed:0}, afterPrepare: sql.DBStats{MaxOpenConnections:1, OpenConnections:1, InUse:1, Idle:0, WaitCount:15, WaitDuration:4569899004, MaxIdleClosed:0, MaxIdleTimeClosed:0, MaxLifetimeClosed:0}
I1117 10:48:08.199190   57719 prepare.go:158] [operation "GetPlayersByTeam" attempt 1] preparePlan succeeded
I1117 10:48:08.199345   57719 prepare.go:145] [operation "GetPlayersByTeam" attempt 1] DBStats beforePrepare: sql.DBStats{MaxOpenConnections:1, OpenConnections:1, InUse:1, Idle:0, WaitCount:14, WaitDuration:4189476986, MaxIdleClosed:0, MaxIdleTimeClosed:0, MaxLifetimeClosed:0}, afterPrepare: sql.DBStats{MaxOpenConnections:1, OpenConnections:1, InUse:1, Idle:0, WaitCount:18, WaitDuration:4705573743, MaxIdleClosed:0, MaxIdleTimeClosed:0, MaxLifetimeClosed:0}
I1117 10:48:08.200507   57719 executor.go:89] [operation "GetUpcomingGames" attempt 1] DBStats beforeRun: sql.DBStats{MaxOpenConnections:1, OpenConnections:1, InUse:1, Idle:0, WaitCount:16, WaitDuration:4705573743, MaxIdleClosed:0, MaxIdleTimeClosed:0, MaxLifetimeClosed:0}, afterRun: sql.DBStats{MaxOpenConnections:1, OpenConnections:1, InUse:1, Idle:0, WaitCount:21, WaitDuration:5167407791, MaxIdleClosed:0, MaxIdleTimeClosed:0, MaxLifetimeClosed:0}
I1117 10:48:08.202360   57719 executor.go:89] [operation "GetPlayersByTeam" attempt 1] DBStats beforeRun: sql.DBStats{MaxOpenConnections:1, OpenConnections:1, InUse:1, Idle:0, WaitCount:19, WaitDuration:5167407791, MaxIdleClosed:0, MaxIdleTimeClosed:0, MaxLifetimeClosed:0}, afterRun: sql.DBStats{MaxOpenConnections:1, OpenConnections:1, InUse:1, Idle:0, WaitCount:21, WaitDuration:5170083588, MaxIdleClosed:0, MaxIdleTimeClosed:0, MaxLifetimeClosed:0}
W1117 10:48:08.207042   57719 engine.go:175] [/emulator/playlink 433c] ExecuteQuery GetPlayersByTeam: failed. Connector: playlink-connector
Auth: public
Variables Set:
[teamId]
Errors: [message:"SQL execution failed" path:{values:{string_value:"players"}} extensions:{debug_details:"SQL query error: context canceled\nSELECT coalesce(json_agg(j), '[]') FROM (SELECT jsonb_build_object('id', REPLACE(CAST((\"id\") AS text), '-', ''), 'name', \"name\", 'uniformNumber', \"uniform_number\", 'position', \"position\", 'bats', \"bats\", 'throws', \"throws\", 'photoUrl', \"photo_url\", 'isActive', \"is_active\") AS j FROM \"public\".\"player\" WHERE ((((\"is_active\") = (true)) OR ((\"is_active\") IS NULL AND (true) IS NULL)) AND CASE WHEN ( $1 ::boolean) THEN ((((\"team_id\") = ( $2 ::uuid)) OR ((\"team_id\") IS NULL AND ( $3 ::uuid) IS NULL))) ELSE (true) END) ORDER BY \"uniform_number\" ASC LIMIT 100) AS x\nParams: [true ba6a277a-727e-4a32-abd7-8130638a14f8 ba6a277a-727e-4a32-abd7-8130638a14f8]"}]
Data Fields:
[players]
sources: connector/mutations.gql [9773B] connector/queries.gql [6684B] 
W1117 10:48:08.207115   57719 engine.go:175] [/emulator/playlink 433c] ExecuteQuery GetUpcomingGames: failed. Connector: playlink-connector
Auth: public
Variables Set:
[limit teamId]
Errors: [message:"SQL execution failed" path:{values:{string_value:"games"}} extensions:{debug_details:"SQL query error: context canceled\nSELECT coalesce(json_agg(j), '[]') FROM (SELECT jsonb_build_object('id', REPLACE(CAST((\"id\") AS text), '-', ''), 'opponentName', \"opponent_name\", 'gameDate', \"game_date\", 'location', \"location\", 'isHome', \"is_home\", 'status', \"status\") AS j FROM \"public\".\"game\" WHERE ((\"status\") = ANY (array_remove(ARRAY ['scheduled','ongoing'], NULL)) AND CASE WHEN ( $1 ::boolean) THEN ((((\"team_id\") = ( $2 ::uuid)) OR ((\"team_id\") IS NULL AND ( $3 ::uuid) IS NULL))) ELSE (true) END) ORDER BY \"game_date\" ASC LIMIT  $4 ::integer) AS x\nParams: [true ba6a277a-727e-4a32-abd7-8130638a14f8 ba6a277a-727e-4a32-abd7-8130638a14f8 5]"}]
Data Fields:
[games]
sources: connector/mutations.gql [9773B] connector/queries.gql [6684B] 
I1117 10:48:08.232887   57719 executor.go:89] [operation "GetUpcomingGames" attempt 1] DBStats beforeRun: sql.DBStats{MaxOpenConnections:1, OpenConnections:1, InUse:1, Idle:0, WaitCount:15, WaitDuration:4569899004, MaxIdleClosed:0, MaxIdleTimeClosed:0, MaxLifetimeClosed:0}, afterRun: sql.DBStats{MaxOpenConnections:1, OpenConnections:1, InUse:1, Idle:0, WaitCount:21, WaitDuration:5257033862, MaxIdleClosed:0, MaxIdleTimeClosed:0, MaxLifetimeClosed:0}
W1117 10:48:08.233165   57719 engine.go:175] [/emulator/playlink 433c] ExecuteQuery GetUpcomingGames: failed. Connector: playlink-connector
Auth: public
Variables Set:
[limit teamId]
Errors: [message:"SQL execution failed" path:{values:{string_value:"games"}} extensions:{debug_details:"SQL query error: context canceled\nSELECT coalesce(json_agg(j), '[]') FROM (SELECT jsonb_build_object('id', REPLACE(CAST((\"id\") AS text), '-', ''), 'opponentName', \"opponent_name\", 'gameDate', \"game_date\", 'location', \"location\", 'isHome', \"is_home\", 'status', \"status\") AS j FROM \"public\".\"game\" WHERE ((\"status\") = ANY (array_remove(ARRAY ['scheduled','ongoing'], NULL)) AND CASE WHEN ( $1 ::boolean) THEN ((((\"team_id\") = ( $2 ::uuid)) OR ((\"team_id\") IS NULL AND ( $3 ::uuid) IS NULL))) ELSE (true) END) ORDER BY \"game_date\" ASC LIMIT  $4 ::integer) AS x\nParams: [true ba6a277a-727e-4a32-abd7-8130638a14f8 ba6a277a-727e-4a32-abd7-8130638a14f8 5]"}]
Data Fields:
[games]
sources: connector/mutations.gql [9773B] connector/queries.gql [6684B] 
I1117 10:48:08.233221   57719 executor.go:89] [operation "GetPlayersByTeam" attempt 1] DBStats beforeRun: sql.DBStats{MaxOpenConnections:1, OpenConnections:1, InUse:1, Idle:0, WaitCount:18, WaitDuration:4705573743, MaxIdleClosed:0, MaxIdleTimeClosed:0, MaxLifetimeClosed:0}, afterRun: sql.DBStats{MaxOpenConnections:1, OpenConnections:1, InUse:1, Idle:0, WaitCount:21, WaitDuration:5290607174, MaxIdleClosed:0, MaxIdleTimeClosed:0, MaxLifetimeClosed:0}
W1117 10:48:08.233465   57719 engine.go:175] [/emulator/playlink 433c] ExecuteQuery GetPlayersByTeam: failed. Connector: playlink-connector
Auth: public
Variables Set:
[teamId]
Errors: [message:"SQL execution failed" path:{values:{string_value:"players"}} extensions:{debug_details:"SQL query error: context canceled\nSELECT coalesce(json_agg(j), '[]') FROM (SELECT jsonb_build_object('id', REPLACE(CAST((\"id\") AS text), '-', ''), 'name', \"name\", 'uniformNumber', \"uniform_number\", 'position', \"position\", 'bats', \"bats\", 'throws', \"throws\", 'photoUrl', \"photo_url\", 'isActive', \"is_active\") AS j FROM \"public\".\"player\" WHERE ((((\"is_active\") = (true)) OR ((\"is_active\") IS NULL AND (true) IS NULL)) AND CASE WHEN ( $1 ::boolean) THEN ((((\"team_id\") = ( $2 ::uuid)) OR ((\"team_id\") IS NULL AND ( $3 ::uuid) IS NULL))) ELSE (true) END) ORDER BY \"uniform_number\" ASC LIMIT 100) AS x\nParams: [true ba6a277a-727e-4a32-abd7-8130638a14f8 ba6a277a-727e-4a32-abd7-8130638a14f8]"}]
Data Fields:
[players]
sources: connector/queries.gql [6684B] connector/mutations.gql [9773B] 
I1117 10:48:08.265485   57719 executor.go:89] [operation "GetTeamBySlug" attempt 1] DBStats beforeRun: sql.DBStats{MaxOpenConnections:1, OpenConnections:1, InUse:1, Idle:0, WaitCount:11, WaitDuration:3726128638, MaxIdleClosed:0, MaxIdleTimeClosed:0, MaxLifetimeClosed:0}, afterRun: sql.DBStats{MaxOpenConnections:1, OpenConnections:1, InUse:1, Idle:0, WaitCount:21, WaitDuration:5290607174, MaxIdleClosed:0, MaxIdleTimeClosed:0, MaxLifetimeClosed:0}
I1117 10:48:08.265565   57719 engine.go:171] [/emulator/playlink 433c] ExecuteQuery GetTeamBySlug: succeeded. Connector: playlink-connector
I1117 10:48:08.326314   57719 executor.go:89] [operation "GetUpcomingGames" attempt 1] DBStats beforeRun: sql.DBStats{MaxOpenConnections:1, OpenConnections:1, InUse:1, Idle:0, WaitCount:17, WaitDuration:4705573743, MaxIdleClosed:0, MaxIdleTimeClosed:0, MaxLifetimeClosed:0}, afterRun: sql.DBStats{MaxOpenConnections:1, OpenConnections:1, InUse:1, Idle:0, WaitCount:21, WaitDuration:5410233942, MaxIdleClosed:0, MaxIdleTimeClosed:0, MaxLifetimeClosed:0}
I1117 10:48:08.326391   57719 engine.go:171] [/emulator/playlink 433c] ExecuteQuery GetUpcomingGames: succeeded. Connector: playlink-connector
I1117 10:48:08.396648   57719 executor.go:89] [operation "GetPlayersByTeam" attempt 1] DBStats beforeRun: sql.DBStats{MaxOpenConnections:1, OpenConnections:1, InUse:1, Idle:0, WaitCount:20, WaitDuration:5167407791, MaxIdleClosed:0, MaxIdleTimeClosed:0, MaxLifetimeClosed:0}, afterRun: sql.DBStats{MaxOpenConnections:1, OpenConnections:1, InUse:0, Idle:1, WaitCount:21, WaitDuration:5537157049, MaxIdleClosed:0, MaxIdleTimeClosed:0, MaxLifetimeClosed:0}
I1117 10:48:08.396728   57719 engine.go:171] [/emulator/playlink 433c] ExecuteQuery GetPlayersByTeam: succeeded. Connector: playlink-connector
I1117 10:48:16.219390   57719 executor.go:89] [operation "GetTeamBySlug" attempt 1] DBStats beforeRun: sql.DBStats{MaxOpenConnections:1, OpenConnections:1, InUse:0, Idle:1, WaitCount:21, WaitDuration:5537157049, MaxIdleClosed:0, MaxIdleTimeClosed:0, MaxLifetimeClosed:0}, afterRun: sql.DBStats{MaxOpenConnections:1, OpenConnections:1, InUse:0, Idle:1, WaitCount:21, WaitDuration:5537157049, MaxIdleClosed:0, MaxIdleTimeClosed:0, MaxLifetimeClosed:0}
I1117 10:48:16.219462   57719 engine.go:171] [/emulator/playlink 433c] ExecuteQuery GetTeamBySlug: succeeded. Connector: playlink-connector
I1117 10:48:16.285554   57719 prepare.go:158] [operation "GetGameLineups" attempt 1] preparePlan succeeded
I1117 10:48:16.285720   57719 prepare.go:145] [operation "GetGameLineups" attempt 1] DBStats beforePrepare: sql.DBStats{MaxOpenConnections:1, OpenConnections:1, InUse:0, Idle:1, WaitCount:21, WaitDuration:5537157049, MaxIdleClosed:0, MaxIdleTimeClosed:0, MaxLifetimeClosed:0}, afterPrepare: sql.DBStats{MaxOpenConnections:1, OpenConnections:1, InUse:1, Idle:0, WaitCount:23, WaitDuration:5537157049, MaxIdleClosed:0, MaxIdleTimeClosed:0, MaxLifetimeClosed:0}
I1117 10:48:16.335427   57719 executor.go:89] [operation "GetTeamBySlug" attempt 1] DBStats beforeRun: sql.DBStats{MaxOpenConnections:1, OpenConnections:1, InUse:1, Idle:0, WaitCount:21, WaitDuration:5537157049, MaxIdleClosed:0, MaxIdleTimeClosed:0, MaxLifetimeClosed:0}, afterRun: sql.DBStats{MaxOpenConnections:1, OpenConnections:1, InUse:1, Idle:0, WaitCount:25, WaitDuration:5595168601, MaxIdleClosed:0, MaxIdleTimeClosed:0, MaxLifetimeClosed:0}
I1117 10:48:16.335475   57719 engine.go:171] [/emulator/playlink 433c] ExecuteQuery GetTeamBySlug: succeeded. Connector: playlink-connector
I1117 10:48:16.385320   57719 prepare.go:158] [operation "GetGameDetail" attempt 1] preparePlan succeeded
I1117 10:48:16.385365   57719 prepare.go:145] [operation "GetGameDetail" attempt 1] DBStats beforePrepare: sql.DBStats{MaxOpenConnections:1, OpenConnections:1, InUse:1, Idle:0, WaitCount:22, WaitDuration:5537157049, MaxIdleClosed:0, MaxIdleTimeClosed:0, MaxLifetimeClosed:0}, afterPrepare: sql.DBStats{MaxOpenConnections:1, OpenConnections:1, InUse:1, Idle:0, WaitCount:25, WaitDuration:5694855312, MaxIdleClosed:0, MaxIdleTimeClosed:0, MaxLifetimeClosed:0}
I1117 10:48:16.445404   57719 executor.go:89] [operation "GetGameLineups" attempt 1] DBStats beforeRun: sql.DBStats{MaxOpenConnections:1, OpenConnections:1, InUse:1, Idle:0, WaitCount:23, WaitDuration:5595168601, MaxIdleClosed:0, MaxIdleTimeClosed:0, MaxLifetimeClosed:0}, afterRun: sql.DBStats{MaxOpenConnections:1, OpenConnections:1, InUse:1, Idle:0, WaitCount:27, WaitDuration:5794495474, MaxIdleClosed:0, MaxIdleTimeClosed:0, MaxLifetimeClosed:0}
I1117 10:48:16.445451   57719 engine.go:171] [/emulator/playlink 433c] ExecuteQuery GetGameLineups: succeeded. Connector: playlink-connector
I1117 10:48:16.495437   57719 executor.go:89] [operation "GetGameLineups" attempt 1] DBStats beforeRun: sql.DBStats{MaxOpenConnections:1, OpenConnections:1, InUse:1, Idle:0, WaitCount:23, WaitDuration:5595168601, MaxIdleClosed:0, MaxIdleTimeClosed:0, MaxLifetimeClosed:0}, afterRun: sql.DBStats{MaxOpenConnections:1, OpenConnections:1, InUse:1, Idle:0, WaitCount:27, WaitDuration:5954214450, MaxIdleClosed:0, MaxIdleTimeClosed:0, MaxLifetimeClosed:0}
I1117 10:48:16.495492   57719 engine.go:171] [/emulator/playlink 433c] ExecuteQuery GetGameLineups: succeeded. Connector: playlink-connector
I1117 10:48:16.545882   57719 executor.go:89] [operation "GetGameDetail" attempt 1] DBStats beforeRun: sql.DBStats{MaxOpenConnections:1, OpenConnections:1, InUse:1, Idle:0, WaitCount:26, WaitDuration:5794495474, MaxIdleClosed:0, MaxIdleTimeClosed:0, MaxLifetimeClosed:0}, afterRun: sql.DBStats{MaxOpenConnections:1, OpenConnections:1, InUse:1, Idle:0, WaitCount:27, WaitDuration:6064299825, MaxIdleClosed:0, MaxIdleTimeClosed:0, MaxLifetimeClosed:0}
I1117 10:48:16.546154   57719 engine.go:171] [/emulator/playlink 433c] ExecuteQuery GetGameDetail: succeeded. Connector: playlink-connector
I1117 10:48:16.595554   57719 executor.go:89] [operation "GetGameDetail" attempt 1] DBStats beforeRun: sql.DBStats{MaxOpenConnections:1, OpenConnections:1, InUse:1, Idle:0, WaitCount:25, WaitDuration:5694855312, MaxIdleClosed:0, MaxIdleTimeClosed:0, MaxLifetimeClosed:0}, afterRun: sql.DBStats{MaxOpenConnections:1, OpenConnections:1, InUse:0, Idle:1, WaitCount:27, WaitDuration:6224999730, MaxIdleClosed:0, MaxIdleTimeClosed:0, MaxLifetimeClosed:0}
I1117 10:48:16.595635   57719 engine.go:171] [/emulator/playlink 433c] ExecuteQuery GetGameDetail: succeeded. Connector: playlink-connector
I1117 10:48:16.661193   57719 executor.go:89] [operation "GetPlayersByTeam" attempt 1] DBStats beforeRun: sql.DBStats{MaxOpenConnections:1, OpenConnections:1, InUse:0, Idle:1, WaitCount:27, WaitDuration:6224999730, MaxIdleClosed:0, MaxIdleTimeClosed:0, MaxLifetimeClosed:0}, afterRun: sql.DBStats{MaxOpenConnections:1, OpenConnections:1, InUse:1, Idle:0, WaitCount:28, WaitDuration:6227252586, MaxIdleClosed:0, MaxIdleTimeClosed:0, MaxLifetimeClosed:0}
I1117 10:48:16.661232   57719 engine.go:171] [/emulator/playlink 433c] ExecuteQuery GetPlayersByTeam: succeeded. Connector: playlink-connector
I1117 10:48:16.705534   57719 executor.go:89] [operation "GetPlayersByTeam" attempt 1] DBStats beforeRun: sql.DBStats{MaxOpenConnections:1, OpenConnections:1, InUse:1, Idle:0, WaitCount:27, WaitDuration:6224999730, MaxIdleClosed:0, MaxIdleTimeClosed:0, MaxLifetimeClosed:0}, afterRun: sql.DBStats{MaxOpenConnections:1, OpenConnections:1, InUse:0, Idle:1, WaitCount:28, WaitDuration:6227252586, MaxIdleClosed:0, MaxIdleTimeClosed:0, MaxLifetimeClosed:0}
I1117 10:48:16.705582   57719 engine.go:171] [/emulator/playlink 433c] ExecuteQuery GetPlayersByTeam: succeeded. Connector: playlink-connector
I1117 10:48:26.846025   57719 executor.go:89] [operation "GetTeamBySlug" attempt 1] DBStats beforeRun: sql.DBStats{MaxOpenConnections:1, OpenConnections:1, InUse:0, Idle:1, WaitCount:28, WaitDuration:6227252586, MaxIdleClosed:0, MaxIdleTimeClosed:0, MaxLifetimeClosed:0}, afterRun: sql.DBStats{MaxOpenConnections:1, OpenConnections:1, InUse:1, Idle:0, WaitCount:29, WaitDuration:6227252586, MaxIdleClosed:0, MaxIdleTimeClosed:0, MaxLifetimeClosed:0}
I1117 10:48:26.846081   57719 engine.go:171] [/emulator/playlink 433c] ExecuteQuery GetTeamBySlug: succeeded. Connector: playlink-connector
I1117 10:48:26.895556   57719 executor.go:89] [operation "GetTeamBySlug" attempt 1] DBStats beforeRun: sql.DBStats{MaxOpenConnections:1, OpenConnections:1, InUse:1, Idle:0, WaitCount:28, WaitDuration:6227252586, MaxIdleClosed:0, MaxIdleTimeClosed:0, MaxLifetimeClosed:0}, afterRun: sql.DBStats{MaxOpenConnections:1, OpenConnections:1, InUse:1, Idle:0, WaitCount:31, WaitDuration:6229878137, MaxIdleClosed:0, MaxIdleTimeClosed:0, MaxLifetimeClosed:0}
I1117 10:48:26.895634   57719 engine.go:171] [/emulator/playlink 433c] ExecuteQuery GetTeamBySlug: succeeded. Connector: playlink-connector
I1117 10:48:26.945582   57719 executor.go:89] [operation "GetPlayersByTeam" attempt 1] DBStats beforeRun: sql.DBStats{MaxOpenConnections:1, OpenConnections:1, InUse:1, Idle:0, WaitCount:30, WaitDuration:6229878137, MaxIdleClosed:0, MaxIdleTimeClosed:0, MaxLifetimeClosed:0}, afterRun: sql.DBStats{MaxOpenConnections:1, OpenConnections:1, InUse:1, Idle:0, WaitCount:31, WaitDuration:6232870401, MaxIdleClosed:0, MaxIdleTimeClosed:0, MaxLifetimeClosed:0}
I1117 10:48:26.945644   57719 engine.go:171] [/emulator/playlink 433c] ExecuteQuery GetPlayersByTeam: succeeded. Connector: playlink-connector
I1117 10:48:26.995740   57719 executor.go:89] [operation "GetUpcomingGames" attempt 1] DBStats beforeRun: sql.DBStats{MaxOpenConnections:1, OpenConnections:1, InUse:1, Idle:0, WaitCount:29, WaitDuration:6229878137, MaxIdleClosed:0, MaxIdleTimeClosed:0, MaxLifetimeClosed:0}, afterRun: sql.DBStats{MaxOpenConnections:1, OpenConnections:1, InUse:0, Idle:1, WaitCount:31, WaitDuration:6286589447, MaxIdleClosed:0, MaxIdleTimeClosed:0, MaxLifetimeClosed:0}
I1117 10:48:26.995841   57719 engine.go:171] [/emulator/playlink 433c] ExecuteQuery GetUpcomingGames: succeeded. Connector: playlink-connector
I1117 10:56:06.843863   57719 executor.go:89] [operation "GetTeamBySlug" attempt 1] DBStats beforeRun: sql.DBStats{MaxOpenConnections:1, OpenConnections:1, InUse:0, Idle:1, WaitCount:31, WaitDuration:6286589447, MaxIdleClosed:0, MaxIdleTimeClosed:0, MaxLifetimeClosed:0}, afterRun: sql.DBStats{MaxOpenConnections:1, OpenConnections:1, InUse:1, Idle:0, WaitCount:32, WaitDuration:6286589447, MaxIdleClosed:0, MaxIdleTimeClosed:0, MaxLifetimeClosed:0}
I1117 10:56:06.844010   57719 engine.go:171] [/emulator/playlink 433c] ExecuteQuery GetTeamBySlug: succeeded. Connector: playlink-connector
I1117 10:56:06.887716   57719 executor.go:89] [operation "GetTeamBySlug" attempt 1] DBStats beforeRun: sql.DBStats{MaxOpenConnections:1, OpenConnections:1, InUse:0, Idle:1, WaitCount:31, WaitDuration:6286589447, MaxIdleClosed:0, MaxIdleTimeClosed:0, MaxLifetimeClosed:0}, afterRun: sql.DBStats{MaxOpenConnections:1, OpenConnections:1, InUse:1, Idle:0, WaitCount:33, WaitDuration:6308311498, MaxIdleClosed:0, MaxIdleTimeClosed:0, MaxLifetimeClosed:0}
I1117 10:56:06.887840   57719 engine.go:171] [/emulator/playlink 433c] ExecuteQuery GetTeamBySlug: succeeded. Connector: playlink-connector
I1117 10:56:06.938065   57719 executor.go:89] [operation "GetUpcomingGames" attempt 1] DBStats beforeRun: sql.DBStats{MaxOpenConnections:1, OpenConnections:1, InUse:1, Idle:0, WaitCount:32, WaitDuration:6308311498, MaxIdleClosed:0, MaxIdleTimeClosed:0, MaxLifetimeClosed:0}, afterRun: sql.DBStats{MaxOpenConnections:1, OpenConnections:1, InUse:1, Idle:0, WaitCount:34, WaitDuration:6335388017, MaxIdleClosed:0, MaxIdleTimeClosed:0, MaxLifetimeClosed:0}
I1117 10:56:06.938114   57719 engine.go:171] [/emulator/playlink 433c] ExecuteQuery GetUpcomingGames: succeeded. Connector: playlink-connector
I1117 10:56:06.988922   57719 executor.go:89] [operation "GetPlayersByTeam" attempt 1] DBStats beforeRun: sql.DBStats{MaxOpenConnections:1, OpenConnections:1, InUse:1, Idle:0, WaitCount:33, WaitDuration:6335388017, MaxIdleClosed:0, MaxIdleTimeClosed:0, MaxLifetimeClosed:0}, afterRun: sql.DBStats{MaxOpenConnections:1, OpenConnections:1, InUse:0, Idle:1, WaitCount:34, WaitDuration:6382138321, MaxIdleClosed:0, MaxIdleTimeClosed:0, MaxLifetimeClosed:0}
I1117 10:56:06.988967   57719 engine.go:171] [/emulator/playlink 433c] ExecuteQuery GetPlayersByTeam: succeeded. Connector: playlink-connector
I1117 10:57:11.261206   57719 executor.go:89] [operation "GetTeamBySlug" attempt 1] DBStats beforeRun: sql.DBStats{MaxOpenConnections:1, OpenConnections:1, InUse:0, Idle:1, WaitCount:34, WaitDuration:6382138321, MaxIdleClosed:0, MaxIdleTimeClosed:0, MaxLifetimeClosed:0}, afterRun: sql.DBStats{MaxOpenConnections:1, OpenConnections:1, InUse:1, Idle:0, WaitCount:35, WaitDuration:6382138321, MaxIdleClosed:0, MaxIdleTimeClosed:0, MaxLifetimeClosed:0}
I1117 10:57:11.261839   57719 engine.go:171] [/emulator/playlink 433c] ExecuteQuery GetTeamBySlug: succeeded. Connector: playlink-connector
I1117 10:57:11.312032   57719 executor.go:89] [operation "GetTeamBySlug" attempt 1] DBStats beforeRun: sql.DBStats{MaxOpenConnections:1, OpenConnections:1, InUse:0, Idle:1, WaitCount:34, WaitDuration:6382138321, MaxIdleClosed:0, MaxIdleTimeClosed:0, MaxLifetimeClosed:0}, afterRun: sql.DBStats{MaxOpenConnections:1, OpenConnections:1, InUse:1, Idle:0, WaitCount:36, WaitDuration:6411307657, MaxIdleClosed:0, MaxIdleTimeClosed:0, MaxLifetimeClosed:0}
I1117 10:57:11.312079   57719 engine.go:171] [/emulator/playlink 433c] ExecuteQuery GetTeamBySlug: succeeded. Connector: playlink-connector
I1117 10:57:11.362292   57719 executor.go:89] [operation "GetUpcomingGames" attempt 1] DBStats beforeRun: sql.DBStats{MaxOpenConnections:1, OpenConnections:1, InUse:1, Idle:0, WaitCount:35, WaitDuration:6411307657, MaxIdleClosed:0, MaxIdleTimeClosed:0, MaxLifetimeClosed:0}, afterRun: sql.DBStats{MaxOpenConnections:1, OpenConnections:1, InUse:1, Idle:0, WaitCount:37, WaitDuration:6452184350, MaxIdleClosed:0, MaxIdleTimeClosed:0, MaxLifetimeClosed:0}
I1117 10:57:11.362384   57719 engine.go:171] [/emulator/playlink 433c] ExecuteQuery GetUpcomingGames: succeeded. Connector: playlink-connector
I1117 10:57:11.411984   57719 executor.go:89] [operation "GetPlayersByTeam" attempt 1] DBStats beforeRun: sql.DBStats{MaxOpenConnections:1, OpenConnections:1, InUse:1, Idle:0, WaitCount:36, WaitDuration:6452184350, MaxIdleClosed:0, MaxIdleTimeClosed:0, MaxLifetimeClosed:0}, afterRun: sql.DBStats{MaxOpenConnections:1, OpenConnections:1, InUse:0, Idle:1, WaitCount:37, WaitDuration:6497762744, MaxIdleClosed:0, MaxIdleTimeClosed:0, MaxLifetimeClosed:0}
I1117 10:57:11.412062   57719 engine.go:171] [/emulator/playlink 433c] ExecuteQuery GetPlayersByTeam: succeeded. Connector: playlink-connector
I1117 10:57:14.080589   57719 executor.go:89] [operation "GetTeamBySlug" attempt 1] DBStats beforeRun: sql.DBStats{MaxOpenConnections:1, OpenConnections:1, InUse:0, Idle:1, WaitCount:37, WaitDuration:6497762744, MaxIdleClosed:0, MaxIdleTimeClosed:0, MaxLifetimeClosed:0}, afterRun: sql.DBStats{MaxOpenConnections:1, OpenConnections:1, InUse:1, Idle:0, WaitCount:38, WaitDuration:6497762744, MaxIdleClosed:0, MaxIdleTimeClosed:0, MaxLifetimeClosed:0}
I1117 10:57:14.080630   57719 engine.go:171] [/emulator/playlink 433c] ExecuteQuery GetTeamBySlug: succeeded. Connector: playlink-connector
I1117 10:57:14.132119   57719 executor.go:89] [operation "GetTeamBySlug" attempt 1] DBStats beforeRun: sql.DBStats{MaxOpenConnections:1, OpenConnections:1, InUse:1, Idle:0, WaitCount:37, WaitDuration:6497762744, MaxIdleClosed:0, MaxIdleTimeClosed:0, MaxLifetimeClosed:0}, afterRun: sql.DBStats{MaxOpenConnections:1, OpenConnections:1, InUse:1, Idle:0, WaitCount:40, WaitDuration:6499533182, MaxIdleClosed:0, MaxIdleTimeClosed:0, MaxLifetimeClosed:0}
I1117 10:57:14.132173   57719 engine.go:171] [/emulator/playlink 433c] ExecuteQuery GetTeamBySlug: succeeded. Connector: playlink-connector
I1117 10:57:14.181986   57719 executor.go:89] [operation "GetPlayersByTeam" attempt 1] DBStats beforeRun: sql.DBStats{MaxOpenConnections:1, OpenConnections:1, InUse:1, Idle:0, WaitCount:39, WaitDuration:6499533182, MaxIdleClosed:0, MaxIdleTimeClosed:0, MaxLifetimeClosed:0}, afterRun: sql.DBStats{MaxOpenConnections:1, OpenConnections:1, InUse:1, Idle:0, WaitCount:40, WaitDuration:6527325000, MaxIdleClosed:0, MaxIdleTimeClosed:0, MaxLifetimeClosed:0}
I1117 10:57:14.182032   57719 engine.go:171] [/emulator/playlink 433c] ExecuteQuery GetPlayersByTeam: succeeded. Connector: playlink-connector
I1117 10:57:14.232014   57719 executor.go:89] [operation "GetUpcomingGames" attempt 1] DBStats beforeRun: sql.DBStats{MaxOpenConnections:1, OpenConnections:1, InUse:1, Idle:0, WaitCount:38, WaitDuration:6499533182, MaxIdleClosed:0, MaxIdleTimeClosed:0, MaxLifetimeClosed:0}, afterRun: sql.DBStats{MaxOpenConnections:1, OpenConnections:1, InUse:0, Idle:1, WaitCount:40, WaitDuration:6607947658, MaxIdleClosed:0, MaxIdleTimeClosed:0, MaxLifetimeClosed:0}
I1117 10:57:14.232104   57719 engine.go:171] [/emulator/playlink 433c] ExecuteQuery GetUpcomingGames: succeeded. Connector: playlink-connector
I1117 10:57:17.035802   57719 executor.go:89] [operation "GetTeamBySlug" attempt 1] DBStats beforeRun: sql.DBStats{MaxOpenConnections:1, OpenConnections:1, InUse:0, Idle:1, WaitCount:40, WaitDuration:6607947658, MaxIdleClosed:0, MaxIdleTimeClosed:0, MaxLifetimeClosed:0}, afterRun: sql.DBStats{MaxOpenConnections:1, OpenConnections:1, InUse:1, Idle:0, WaitCount:41, WaitDuration:6607947658, MaxIdleClosed:0, MaxIdleTimeClosed:0, MaxLifetimeClosed:0}
I1117 10:57:17.035921   57719 engine.go:171] [/emulator/playlink 433c] ExecuteQuery GetTeamBySlug: succeeded. Connector: playlink-connector
I1117 10:57:17.081922   57719 executor.go:89] [operation "GetTeamBySlug" attempt 1] DBStats beforeRun: sql.DBStats{MaxOpenConnections:1, OpenConnections:1, InUse:1, Idle:0, WaitCount:40, WaitDuration:6607947658, MaxIdleClosed:0, MaxIdleTimeClosed:0, MaxLifetimeClosed:0}, afterRun: sql.DBStats{MaxOpenConnections:1, OpenConnections:1, InUse:1, Idle:0, WaitCount:43, WaitDuration:6612341194, MaxIdleClosed:0, MaxIdleTimeClosed:0, MaxLifetimeClosed:0}
I1117 10:57:17.081971   57719 engine.go:171] [/emulator/playlink 433c] ExecuteQuery GetTeamBySlug: succeeded. Connector: playlink-connector
I1117 10:57:17.132183   57719 executor.go:89] [operation "GetUpcomingGames" attempt 1] DBStats beforeRun: sql.DBStats{MaxOpenConnections:1, OpenConnections:1, InUse:1, Idle:0, WaitCount:41, WaitDuration:6612341194, MaxIdleClosed:0, MaxIdleTimeClosed:0, MaxLifetimeClosed:0}, afterRun: sql.DBStats{MaxOpenConnections:1, OpenConnections:1, InUse:1, Idle:0, WaitCount:43, WaitDuration:6651265661, MaxIdleClosed:0, MaxIdleTimeClosed:0, MaxLifetimeClosed:0}
I1117 10:57:17.132232   57719 engine.go:171] [/emulator/playlink 433c] ExecuteQuery GetUpcomingGames: succeeded. Connector: playlink-connector
I1117 10:57:17.182009   57719 executor.go:89] [operation "GetPlayersByTeam" attempt 1] DBStats beforeRun: sql.DBStats{MaxOpenConnections:1, OpenConnections:1, InUse:1, Idle:0, WaitCount:42, WaitDuration:6612341194, MaxIdleClosed:0, MaxIdleTimeClosed:0, MaxLifetimeClosed:0}, afterRun: sql.DBStats{MaxOpenConnections:1, OpenConnections:1, InUse:0, Idle:1, WaitCount:43, WaitDuration:6740326631, MaxIdleClosed:0, MaxIdleTimeClosed:0, MaxLifetimeClosed:0}
I1117 10:57:17.182057   57719 engine.go:171] [/emulator/playlink 433c] ExecuteQuery GetPlayersByTeam: succeeded. Connector: playlink-connector
I1117 10:57:18.473571   57719 executor.go:89] [operation "GetTeamBySlug" attempt 1] DBStats beforeRun: sql.DBStats{MaxOpenConnections:1, OpenConnections:1, InUse:0, Idle:1, WaitCount:43, WaitDuration:6740326631, MaxIdleClosed:0, MaxIdleTimeClosed:0, MaxLifetimeClosed:0}, afterRun: sql.DBStats{MaxOpenConnections:1, OpenConnections:1, InUse:1, Idle:0, WaitCount:44, WaitDuration:6740326631, MaxIdleClosed:0, MaxIdleTimeClosed:0, MaxLifetimeClosed:0}
I1117 10:57:18.473612   57719 engine.go:171] [/emulator/playlink 433c] ExecuteQuery GetTeamBySlug: succeeded. Connector: playlink-connector
I1117 10:57:18.522224   57719 executor.go:89] [operation "GetTeamBySlug" attempt 1] DBStats beforeRun: sql.DBStats{MaxOpenConnections:1, OpenConnections:1, InUse:1, Idle:0, WaitCount:43, WaitDuration:6740326631, MaxIdleClosed:0, MaxIdleTimeClosed:0, MaxLifetimeClosed:0}, afterRun: sql.DBStats{MaxOpenConnections:1, OpenConnections:1, InUse:1, Idle:0, WaitCount:46, WaitDuration:6747946146, MaxIdleClosed:0, MaxIdleTimeClosed:0, MaxLifetimeClosed:0}
I1117 10:57:18.522346   57719 engine.go:171] [/emulator/playlink 433c] ExecuteQuery GetTeamBySlug: succeeded. Connector: playlink-connector
I1117 10:57:18.572032   57719 executor.go:89] [operation "GetUpcomingGames" attempt 1] DBStats beforeRun: sql.DBStats{MaxOpenConnections:1, OpenConnections:1, InUse:1, Idle:0, WaitCount:44, WaitDuration:6747946146, MaxIdleClosed:0, MaxIdleTimeClosed:0, MaxLifetimeClosed:0}, afterRun: sql.DBStats{MaxOpenConnections:1, OpenConnections:1, InUse:1, Idle:0, WaitCount:46, WaitDuration:6773885546, MaxIdleClosed:0, MaxIdleTimeClosed:0, MaxLifetimeClosed:0}
I1117 10:57:18.572078   57719 engine.go:171] [/emulator/playlink 433c] ExecuteQuery GetUpcomingGames: succeeded. Connector: playlink-connector
I1117 10:57:18.621945   57719 executor.go:89] [operation "GetPlayersByTeam" attempt 1] DBStats beforeRun: sql.DBStats{MaxOpenConnections:1, OpenConnections:1, InUse:1, Idle:0, WaitCount:45, WaitDuration:6747946146, MaxIdleClosed:0, MaxIdleTimeClosed:0, MaxLifetimeClosed:0}, afterRun: sql.DBStats{MaxOpenConnections:1, OpenConnections:1, InUse:0, Idle:1, WaitCount:46, WaitDuration:6846376286, MaxIdleClosed:0, MaxIdleTimeClosed:0, MaxLifetimeClosed:0}
I1117 10:57:18.621994   57719 engine.go:171] [/emulator/playlink 433c] ExecuteQuery GetPlayersByTeam: succeeded. Connector: playlink-connector
I1117 12:22:32.823898   57719 executor.go:89] [operation "GetTeams" attempt 1] DBStats beforeRun: sql.DBStats{MaxOpenConnections:1, OpenConnections:1, InUse:0, Idle:1, WaitCount:46, WaitDuration:6846376286, MaxIdleClosed:0, MaxIdleTimeClosed:0, MaxLifetimeClosed:0}, afterRun: sql.DBStats{MaxOpenConnections:1, OpenConnections:1, InUse:1, Idle:0, WaitCount:47, WaitDuration:7252409952, MaxIdleClosed:0, MaxIdleTimeClosed:0, MaxLifetimeClosed:0}
I1117 12:22:32.826845   57719 engine.go:171] [/emulator/playlink 433c] ExecuteQuery GetTeams: succeeded. Connector: playlink-connector
I1117 12:22:32.880020   57719 executor.go:89] [operation "GetTeams" attempt 1] DBStats beforeRun: sql.DBStats{MaxOpenConnections:1, OpenConnections:1, InUse:0, Idle:1, WaitCount:46, WaitDuration:6846376286, MaxIdleClosed:0, MaxIdleTimeClosed:0, MaxLifetimeClosed:0}, afterRun: sql.DBStats{MaxOpenConnections:1, OpenConnections:1, InUse:0, Idle:1, WaitCount:47, WaitDuration:7252409952, MaxIdleClosed:0, MaxIdleTimeClosed:0, MaxLifetimeClosed:0}
I1117 12:22:32.880098   57719 engine.go:171] [/emulator/playlink 433c] ExecuteQuery GetTeams: succeeded. Connector: playlink-connector
I1117 12:22:39.771865   57719 executor.go:89] [operation "GetTeamBySlug" attempt 1] DBStats beforeRun: sql.DBStats{MaxOpenConnections:1, OpenConnections:1, InUse:0, Idle:1, WaitCount:47, WaitDuration:7252409952, MaxIdleClosed:0, MaxIdleTimeClosed:0, MaxLifetimeClosed:0}, afterRun: sql.DBStats{MaxOpenConnections:1, OpenConnections:1, InUse:1, Idle:0, WaitCount:48, WaitDuration:7267019088, MaxIdleClosed:0, MaxIdleTimeClosed:0, MaxLifetimeClosed:0}
I1117 12:22:39.772136   57719 engine.go:171] [/emulator/playlink 433c] ExecuteQuery GetTeamBySlug: succeeded. Connector: playlink-connector
I1117 12:22:39.819251   57719 executor.go:89] [operation "GetTeamBySlug" attempt 1] DBStats beforeRun: sql.DBStats{MaxOpenConnections:1, OpenConnections:1, InUse:1, Idle:0, WaitCount:47, WaitDuration:7252409952, MaxIdleClosed:0, MaxIdleTimeClosed:0, MaxLifetimeClosed:0}, afterRun: sql.DBStats{MaxOpenConnections:1, OpenConnections:1, InUse:1, Idle:0, WaitCount:49, WaitDuration:7267019088, MaxIdleClosed:0, MaxIdleTimeClosed:0, MaxLifetimeClosed:0}
I1117 12:22:39.819296   57719 engine.go:171] [/emulator/playlink 433c] ExecuteQuery GetTeamBySlug: succeeded. Connector: playlink-connector
I1117 12:22:39.909572   57719 executor.go:89] [operation "GetUpcomingGames" attempt 1] DBStats beforeRun: sql.DBStats{MaxOpenConnections:1, OpenConnections:1, InUse:1, Idle:0, WaitCount:48, WaitDuration:7267019088, MaxIdleClosed:0, MaxIdleTimeClosed:0, MaxLifetimeClosed:0}, afterRun: sql.DBStats{MaxOpenConnections:1, OpenConnections:1, InUse:1, Idle:0, WaitCount:50, WaitDuration:7291704763, MaxIdleClosed:0, MaxIdleTimeClosed:0, MaxLifetimeClosed:0}
I1117 12:22:39.909690   57719 engine.go:171] [/emulator/playlink 433c] ExecuteQuery GetUpcomingGames: succeeded. Connector: playlink-connector
I1117 12:22:39.969851   57719 executor.go:89] [operation "GetPlayersByTeam" attempt 1] DBStats beforeRun: sql.DBStats{MaxOpenConnections:1, OpenConnections:1, InUse:1, Idle:0, WaitCount:49, WaitDuration:7291704763, MaxIdleClosed:0, MaxIdleTimeClosed:0, MaxLifetimeClosed:0}, afterRun: sql.DBStats{MaxOpenConnections:1, OpenConnections:1, InUse:0, Idle:1, WaitCount:50, WaitDuration:7378490129, MaxIdleClosed:0, MaxIdleTimeClosed:0, MaxLifetimeClosed:0}
I1117 12:22:39.969904   57719 engine.go:171] [/emulator/playlink 433c] ExecuteQuery GetPlayersByTeam: succeeded. Connector: playlink-connector
I1117 12:22:42.458170   57719 executor.go:89] [operation "GetTeams" attempt 1] DBStats beforeRun: sql.DBStats{MaxOpenConnections:1, OpenConnections:1, InUse:0, Idle:1, WaitCount:50, WaitDuration:7378490129, MaxIdleClosed:0, MaxIdleTimeClosed:0, MaxLifetimeClosed:0}, afterRun: sql.DBStats{MaxOpenConnections:1, OpenConnections:1, InUse:1, Idle:0, WaitCount:51, WaitDuration:7378490129, MaxIdleClosed:0, MaxIdleTimeClosed:0, MaxLifetimeClosed:0}
I1117 12:22:42.458276   57719 engine.go:171] [/emulator/playlink 433c] ExecuteQuery GetTeams: succeeded. Connector: playlink-connector
I1117 12:22:42.509169   57719 executor.go:89] [operation "GetTeams" attempt 1] DBStats beforeRun: sql.DBStats{MaxOpenConnections:1, OpenConnections:1, InUse:1, Idle:0, WaitCount:50, WaitDuration:7378490129, MaxIdleClosed:0, MaxIdleTimeClosed:0, MaxLifetimeClosed:0}, afterRun: sql.DBStats{MaxOpenConnections:1, OpenConnections:1, InUse:0, Idle:1, WaitCount:51, WaitDuration:7385067712, MaxIdleClosed:0, MaxIdleTimeClosed:0, MaxLifetimeClosed:0}
I1117 12:22:42.509797   57719 engine.go:171] [/emulator/playlink 433c] ExecuteQuery GetTeams: succeeded. Connector: playlink-connector
I1117 12:22:43.633462   57719 executor.go:89] [operation "GetTeamBySlug" attempt 1] DBStats beforeRun: sql.DBStats{MaxOpenConnections:1, OpenConnections:1, InUse:0, Idle:1, WaitCount:51, WaitDuration:7385067712, MaxIdleClosed:0, MaxIdleTimeClosed:0, MaxLifetimeClosed:0}, afterRun: sql.DBStats{MaxOpenConnections:1, OpenConnections:1, InUse:1, Idle:0, WaitCount:52, WaitDuration:7385067712, MaxIdleClosed:0, MaxIdleTimeClosed:0, MaxLifetimeClosed:0}
I1117 12:22:43.633536   57719 engine.go:171] [/emulator/playlink 433c] ExecuteQuery GetTeamBySlug: succeeded. Connector: playlink-connector
I1117 12:22:43.679439   57719 executor.go:89] [operation "GetTeamBySlug" attempt 1] DBStats beforeRun: sql.DBStats{MaxOpenConnections:1, OpenConnections:1, InUse:1, Idle:0, WaitCount:51, WaitDuration:7385067712, MaxIdleClosed:0, MaxIdleTimeClosed:0, MaxLifetimeClosed:0}, afterRun: sql.DBStats{MaxOpenConnections:1, OpenConnections:1, InUse:1, Idle:0, WaitCount:54, WaitDuration:7386306615, MaxIdleClosed:0, MaxIdleTimeClosed:0, MaxLifetimeClosed:0}
I1117 12:22:43.679521   57719 engine.go:171] [/emulator/playlink 433c] ExecuteQuery GetTeamBySlug: succeeded. Connector: playlink-connector
I1117 12:22:43.731437   57719 executor.go:89] [operation "GetUpcomingGames" attempt 1] DBStats beforeRun: sql.DBStats{MaxOpenConnections:1, OpenConnections:1, InUse:1, Idle:0, WaitCount:52, WaitDuration:7386306615, MaxIdleClosed:0, MaxIdleTimeClosed:0, MaxLifetimeClosed:0}, afterRun: sql.DBStats{MaxOpenConnections:1, OpenConnections:1, InUse:1, Idle:0, WaitCount:54, WaitDuration:7418952099, MaxIdleClosed:0, MaxIdleTimeClosed:0, MaxLifetimeClosed:0}
I1117 12:22:43.731540   57719 engine.go:171] [/emulator/playlink 433c] ExecuteQuery GetUpcomingGames: succeeded. Connector: playlink-connector
I1117 12:22:43.783535   57719 executor.go:89] [operation "GetPlayersByTeam" attempt 1] DBStats beforeRun: sql.DBStats{MaxOpenConnections:1, OpenConnections:1, InUse:1, Idle:0, WaitCount:53, WaitDuration:7386306615, MaxIdleClosed:0, MaxIdleTimeClosed:0, MaxLifetimeClosed:0}, afterRun: sql.DBStats{MaxOpenConnections:1, OpenConnections:1, InUse:0, Idle:1, WaitCount:54, WaitDuration:7501643028, MaxIdleClosed:0, MaxIdleTimeClosed:0, MaxLifetimeClosed:0}
I1117 12:22:43.783635   57719 engine.go:171] [/emulator/playlink 433c] ExecuteQuery GetPlayersByTeam: succeeded. Connector: playlink-connector
I1117 12:22:47.980562   57719 executor.go:89] [operation "GetTeamBySlug" attempt 1] DBStats beforeRun: sql.DBStats{MaxOpenConnections:1, OpenConnections:1, InUse:0, Idle:1, WaitCount:54, WaitDuration:7501643028, MaxIdleClosed:0, MaxIdleTimeClosed:0, MaxLifetimeClosed:0}, afterRun: sql.DBStats{MaxOpenConnections:1, OpenConnections:1, InUse:1, Idle:0, WaitCount:55, WaitDuration:7501643028, MaxIdleClosed:0, MaxIdleTimeClosed:0, MaxLifetimeClosed:0}
I1117 12:22:47.981352   57719 engine.go:171] [/emulator/playlink 433c] ExecuteQuery GetTeamBySlug: succeeded. Connector: playlink-connector
I1117 12:22:48.039234   57719 executor.go:89] [operation "GetTeamBySlug" attempt 1] DBStats beforeRun: sql.DBStats{MaxOpenConnections:1, OpenConnections:1, InUse:1, Idle:0, WaitCount:54, WaitDuration:7501643028, MaxIdleClosed:0, MaxIdleTimeClosed:0, MaxLifetimeClosed:0}, afterRun: sql.DBStats{MaxOpenConnections:1, OpenConnections:1, InUse:1, Idle:0, WaitCount:57, WaitDuration:7507107490, MaxIdleClosed:0, MaxIdleTimeClosed:0, MaxLifetimeClosed:0}
I1117 12:22:48.039281   57719 engine.go:171] [/emulator/playlink 433c] ExecuteQuery GetTeamBySlug: succeeded. Connector: playlink-connector
I1117 12:22:48.089449   57719 executor.go:89] [operation "GetUpcomingGames" attempt 1] DBStats beforeRun: sql.DBStats{MaxOpenConnections:1, OpenConnections:1, InUse:1, Idle:0, WaitCount:55, WaitDuration:7507107490, MaxIdleClosed:0, MaxIdleTimeClosed:0, MaxLifetimeClosed:0}, afterRun: sql.DBStats{MaxOpenConnections:1, OpenConnections:1, InUse:1, Idle:0, WaitCount:57, WaitDuration:7526966284, MaxIdleClosed:0, MaxIdleTimeClosed:0, MaxLifetimeClosed:0}
I1117 12:22:48.089510   57719 engine.go:171] [/emulator/playlink 433c] ExecuteQuery GetUpcomingGames: succeeded. Connector: playlink-connector
I1117 12:22:48.139704   57719 executor.go:89] [operation "GetPlayersByTeam" attempt 1] DBStats beforeRun: sql.DBStats{MaxOpenConnections:1, OpenConnections:1, InUse:1, Idle:0, WaitCount:56, WaitDuration:7507107490, MaxIdleClosed:0, MaxIdleTimeClosed:0, MaxLifetimeClosed:0}, afterRun: sql.DBStats{MaxOpenConnections:1, OpenConnections:1, InUse:0, Idle:1, WaitCount:57, WaitDuration:7595966278, MaxIdleClosed:0, MaxIdleTimeClosed:0, MaxLifetimeClosed:0}
I1117 12:22:48.139768   57719 engine.go:171] [/emulator/playlink 433c] ExecuteQuery GetPlayersByTeam: succeeded. Connector: playlink-connector
I1117 12:22:54.255985   57719 executor.go:89] [operation "GetTeamBySlug" attempt 1] DBStats beforeRun: sql.DBStats{MaxOpenConnections:1, OpenConnections:1, InUse:0, Idle:1, WaitCount:57, WaitDuration:7595966278, MaxIdleClosed:0, MaxIdleTimeClosed:0, MaxLifetimeClosed:0}, afterRun: sql.DBStats{MaxOpenConnections:1, OpenConnections:1, InUse:1, Idle:0, WaitCount:58, WaitDuration:7597962199, MaxIdleClosed:0, MaxIdleTimeClosed:0, MaxLifetimeClosed:0}
I1117 12:22:54.259580   57719 engine.go:171] [/emulator/playlink 433c] ExecuteQuery GetTeamBySlug: succeeded. Connector: playlink-connector
I1117 12:22:54.369627   57719 executor.go:89] [operation "GetTeamBySlug" attempt 1] DBStats beforeRun: sql.DBStats{MaxOpenConnections:1, OpenConnections:1, InUse:1, Idle:0, WaitCount:57, WaitDuration:7595966278, MaxIdleClosed:0, MaxIdleTimeClosed:0, MaxLifetimeClosed:0}, afterRun: sql.DBStats{MaxOpenConnections:1, OpenConnections:1, InUse:1, Idle:0, WaitCount:59, WaitDuration:7597962199, MaxIdleClosed:0, MaxIdleTimeClosed:0, MaxLifetimeClosed:0}
I1117 12:22:54.369700   57719 engine.go:171] [/emulator/playlink 433c] ExecuteQuery GetTeamBySlug: succeeded. Connector: playlink-connector
I1117 12:22:54.429776   57719 executor.go:89] [operation "GetUpcomingGames" attempt 1] DBStats beforeRun: sql.DBStats{MaxOpenConnections:1, OpenConnections:1, InUse:1, Idle:0, WaitCount:58, WaitDuration:7597962199, MaxIdleClosed:0, MaxIdleTimeClosed:0, MaxLifetimeClosed:0}, afterRun: sql.DBStats{MaxOpenConnections:1, OpenConnections:1, InUse:1, Idle:0, WaitCount:60, WaitDuration:7691110197, MaxIdleClosed:0, MaxIdleTimeClosed:0, MaxLifetimeClosed:0}
I1117 12:22:54.429899   57719 engine.go:171] [/emulator/playlink 433c] ExecuteQuery GetUpcomingGames: succeeded. Connector: playlink-connector
I1117 12:22:54.479605   57719 executor.go:89] [operation "GetPlayersByTeam" attempt 1] DBStats beforeRun: sql.DBStats{MaxOpenConnections:1, OpenConnections:1, InUse:1, Idle:0, WaitCount:59, WaitDuration:7691110197, MaxIdleClosed:0, MaxIdleTimeClosed:0, MaxLifetimeClosed:0}, afterRun: sql.DBStats{MaxOpenConnections:1, OpenConnections:1, InUse:0, Idle:1, WaitCount:60, WaitDuration:7746938176, MaxIdleClosed:0, MaxIdleTimeClosed:0, MaxLifetimeClosed:0}
I1117 12:22:54.479729   57719 engine.go:171] [/emulator/playlink 433c] ExecuteQuery GetPlayersByTeam: succeeded. Connector: playlink-connector
I1117 12:23:02.908889   57719 executor.go:89] [operation "GetTeamBySlug" attempt 1] DBStats beforeRun: sql.DBStats{MaxOpenConnections:1, OpenConnections:1, InUse:0, Idle:1, WaitCount:60, WaitDuration:7746938176, MaxIdleClosed:0, MaxIdleTimeClosed:0, MaxLifetimeClosed:0}, afterRun: sql.DBStats{MaxOpenConnections:1, OpenConnections:1, InUse:1, Idle:0, WaitCount:61, WaitDuration:7746938176, MaxIdleClosed:0, MaxIdleTimeClosed:0, MaxLifetimeClosed:0}
I1117 12:23:02.908963   57719 engine.go:171] [/emulator/playlink 433c] ExecuteQuery GetTeamBySlug: succeeded. Connector: playlink-connector
I1117 12:23:02.951037   57719 executor.go:89] [operation "GetTeamBySlug" attempt 1] DBStats beforeRun: sql.DBStats{MaxOpenConnections:1, OpenConnections:1, InUse:1, Idle:0, WaitCount:60, WaitDuration:7746938176, MaxIdleClosed:0, MaxIdleTimeClosed:0, MaxLifetimeClosed:0}, afterRun: sql.DBStats{MaxOpenConnections:1, OpenConnections:1, InUse:1, Idle:0, WaitCount:63, WaitDuration:7748528494, MaxIdleClosed:0, MaxIdleTimeClosed:0, MaxLifetimeClosed:0}
I1117 12:23:02.951110   57719 engine.go:171] [/emulator/playlink 433c] ExecuteQuery GetTeamBySlug: succeeded. Connector: playlink-connector
I1117 12:23:03.001423   57719 executor.go:89] [operation "GetPlayersByTeam" attempt 1] DBStats beforeRun: sql.DBStats{MaxOpenConnections:1, OpenConnections:1, InUse:1, Idle:0, WaitCount:62, WaitDuration:7748528494, MaxIdleClosed:0, MaxIdleTimeClosed:0, MaxLifetimeClosed:0}, afterRun: sql.DBStats{MaxOpenConnections:1, OpenConnections:1, InUse:1, Idle:0, WaitCount:63, WaitDuration:7762155318, MaxIdleClosed:0, MaxIdleTimeClosed:0, MaxLifetimeClosed:0}
I1117 12:23:03.001520   57719 engine.go:171] [/emulator/playlink 433c] ExecuteQuery GetPlayersByTeam: succeeded. Connector: playlink-connector
I1117 12:23:03.051313   57719 executor.go:89] [operation "GetUpcomingGames" attempt 1] DBStats beforeRun: sql.DBStats{MaxOpenConnections:1, OpenConnections:1, InUse:1, Idle:0, WaitCount:61, WaitDuration:7748528494, MaxIdleClosed:0, MaxIdleTimeClosed:0, MaxLifetimeClosed:0}, afterRun: sql.DBStats{MaxOpenConnections:1, OpenConnections:1, InUse:0, Idle:1, WaitCount:63, WaitDuration:7826926299, MaxIdleClosed:0, MaxIdleTimeClosed:0, MaxLifetimeClosed:0}
I1117 12:23:03.051441   57719 engine.go:171] [/emulator/playlink 433c] ExecuteQuery GetUpcomingGames: succeeded. Connector: playlink-connector
I1117 12:23:05.272933   57719 executor.go:89] [operation "GetTeamBySlug" attempt 1] DBStats beforeRun: sql.DBStats{MaxOpenConnections:1, OpenConnections:1, InUse:0, Idle:1, WaitCount:63, WaitDuration:7826926299, MaxIdleClosed:0, MaxIdleTimeClosed:0, MaxLifetimeClosed:0}, afterRun: sql.DBStats{MaxOpenConnections:1, OpenConnections:1, InUse:1, Idle:0, WaitCount:66, WaitDuration:7826926299, MaxIdleClosed:0, MaxIdleTimeClosed:0, MaxLifetimeClosed:0}
I1117 12:23:05.273017   57719 engine.go:171] [/emulator/playlink 433c] ExecuteQuery GetTeamBySlug: succeeded. Connector: playlink-connector
I1117 12:23:05.361722   57719 executor.go:89] [operation "GetGameLineups" attempt 1] DBStats beforeRun: sql.DBStats{MaxOpenConnections:1, OpenConnections:1, InUse:1, Idle:0, WaitCount:64, WaitDuration:7826926299, MaxIdleClosed:0, MaxIdleTimeClosed:0, MaxLifetimeClosed:0}, afterRun: sql.DBStats{MaxOpenConnections:1, OpenConnections:1, InUse:1, Idle:0, WaitCount:67, WaitDuration:7830481672, MaxIdleClosed:0, MaxIdleTimeClosed:0, MaxLifetimeClosed:0}
I1117 12:23:05.361877   57719 engine.go:171] [/emulator/playlink 433c] ExecuteQuery GetGameLineups: succeeded. Connector: playlink-connector
I1117 12:23:05.410963   57719 executor.go:89] [operation "GetGameDetail" attempt 1] DBStats beforeRun: sql.DBStats{MaxOpenConnections:1, OpenConnections:1, InUse:1, Idle:0, WaitCount:63, WaitDuration:7826926299, MaxIdleClosed:0, MaxIdleTimeClosed:0, MaxLifetimeClosed:0}, afterRun: sql.DBStats{MaxOpenConnections:1, OpenConnections:1, InUse:1, Idle:0, WaitCount:68, WaitDuration:7923824541, MaxIdleClosed:0, MaxIdleTimeClosed:0, MaxLifetimeClosed:0}
I1117 12:23:05.411246   57719 engine.go:171] [/emulator/playlink 433c] ExecuteQuery GetGameDetail: succeeded. Connector: playlink-connector
I1117 12:23:05.461051   57719 executor.go:89] [operation "GetGameDetail" attempt 1] DBStats beforeRun: sql.DBStats{MaxOpenConnections:1, OpenConnections:1, InUse:1, Idle:0, WaitCount:66, WaitDuration:7830481672, MaxIdleClosed:0, MaxIdleTimeClosed:0, MaxLifetimeClosed:0}, afterRun: sql.DBStats{MaxOpenConnections:1, OpenConnections:1, InUse:1, Idle:0, WaitCount:69, WaitDuration:8059115717, MaxIdleClosed:0, MaxIdleTimeClosed:0, MaxLifetimeClosed:0}
I1117 12:23:05.461107   57719 engine.go:171] [/emulator/playlink 433c] ExecuteQuery GetGameDetail: succeeded. Connector: playlink-connector
I1117 12:23:05.511091   57719 executor.go:89] [operation "GetPlayersByTeam" attempt 1] DBStats beforeRun: sql.DBStats{MaxOpenConnections:1, OpenConnections:1, InUse:1, Idle:0, WaitCount:68, WaitDuration:8059115717, MaxIdleClosed:0, MaxIdleTimeClosed:0, MaxLifetimeClosed:0}, afterRun: sql.DBStats{MaxOpenConnections:1, OpenConnections:1, InUse:1, Idle:0, WaitCount:70, WaitDuration:8080543959, MaxIdleClosed:0, MaxIdleTimeClosed:0, MaxLifetimeClosed:0}
I1117 12:23:05.511174   57719 engine.go:171] [/emulator/playlink 433c] ExecuteQuery GetPlayersByTeam: succeeded. Connector: playlink-connector
I1117 12:23:05.560965   57719 executor.go:89] [operation "GetPlayersByTeam" attempt 1] DBStats beforeRun: sql.DBStats{MaxOpenConnections:1, OpenConnections:1, InUse:1, Idle:0, WaitCount:69, WaitDuration:8080543959, MaxIdleClosed:0, MaxIdleTimeClosed:0, MaxLifetimeClosed:0}, afterRun: sql.DBStats{MaxOpenConnections:1, OpenConnections:1, InUse:1, Idle:0, WaitCount:70, WaitDuration:8125026555, MaxIdleClosed:0, MaxIdleTimeClosed:0, MaxLifetimeClosed:0}
I1117 12:23:05.561020   57719 engine.go:171] [/emulator/playlink 433c] ExecuteQuery GetPlayersByTeam: succeeded. Connector: playlink-connector
I1117 12:23:05.610805   57719 executor.go:89] [operation "GetGameLineups" attempt 1] DBStats beforeRun: sql.DBStats{MaxOpenConnections:1, OpenConnections:1, InUse:1, Idle:0, WaitCount:67, WaitDuration:7923824541, MaxIdleClosed:0, MaxIdleTimeClosed:0, MaxLifetimeClosed:0}, afterRun: sql.DBStats{MaxOpenConnections:1, OpenConnections:1, InUse:1, Idle:0, WaitCount:70, WaitDuration:8318564078, MaxIdleClosed:0, MaxIdleTimeClosed:0, MaxLifetimeClosed:0}
I1117 12:23:05.610904   57719 engine.go:171] [/emulator/playlink 433c] ExecuteQuery GetGameLineups: succeeded. Connector: playlink-connector
I1117 12:23:05.660822   57719 executor.go:89] [operation "GetTeamBySlug" attempt 1] DBStats beforeRun: sql.DBStats{MaxOpenConnections:1, OpenConnections:1, InUse:1, Idle:0, WaitCount:65, WaitDuration:7826926299, MaxIdleClosed:0, MaxIdleTimeClosed:0, MaxLifetimeClosed:0}, afterRun: sql.DBStats{MaxOpenConnections:1, OpenConnections:1, InUse:0, Idle:1, WaitCount:70, WaitDuration:8659319733, MaxIdleClosed:0, MaxIdleTimeClosed:0, MaxLifetimeClosed:0}
I1117 12:23:05.660872   57719 engine.go:171] [/emulator/playlink 433c] ExecuteQuery GetTeamBySlug: succeeded. Connector: playlink-connector
I1117 12:23:07.351690   57719 executor.go:89] [operation "GetTeamBySlug" attempt 1] DBStats beforeRun: sql.DBStats{MaxOpenConnections:1, OpenConnections:1, InUse:0, Idle:1, WaitCount:70, WaitDuration:8659319733, MaxIdleClosed:0, MaxIdleTimeClosed:0, MaxLifetimeClosed:0}, afterRun: sql.DBStats{MaxOpenConnections:1, OpenConnections:1, InUse:1, Idle:0, WaitCount:71, WaitDuration:8659319733, MaxIdleClosed:0, MaxIdleTimeClosed:0, MaxLifetimeClosed:0}
I1117 12:23:07.351780   57719 engine.go:171] [/emulator/playlink 433c] ExecuteQuery GetTeamBySlug: succeeded. Connector: playlink-connector
I1117 12:23:07.401269   57719 executor.go:89] [operation "GetTeamBySlug" attempt 1] DBStats beforeRun: sql.DBStats{MaxOpenConnections:1, OpenConnections:1, InUse:1, Idle:0, WaitCount:70, WaitDuration:8659319733, MaxIdleClosed:0, MaxIdleTimeClosed:0, MaxLifetimeClosed:0}, afterRun: sql.DBStats{MaxOpenConnections:1, OpenConnections:1, InUse:1, Idle:0, WaitCount:73, WaitDuration:8662707742, MaxIdleClosed:0, MaxIdleTimeClosed:0, MaxLifetimeClosed:0}
I1117 12:23:07.401378   57719 engine.go:171] [/emulator/playlink 433c] ExecuteQuery GetTeamBySlug: succeeded. Connector: playlink-connector
I1117 12:23:07.450885   57719 executor.go:89] [operation "GetPlayersByTeam" attempt 1] DBStats beforeRun: sql.DBStats{MaxOpenConnections:1, OpenConnections:1, InUse:1, Idle:0, WaitCount:72, WaitDuration:8662707742, MaxIdleClosed:0, MaxIdleTimeClosed:0, MaxLifetimeClosed:0}, afterRun: sql.DBStats{MaxOpenConnections:1, OpenConnections:1, InUse:1, Idle:0, WaitCount:73, WaitDuration:8690010963, MaxIdleClosed:0, MaxIdleTimeClosed:0, MaxLifetimeClosed:0}
I1117 12:23:07.451163   57719 engine.go:171] [/emulator/playlink 433c] ExecuteQuery GetPlayersByTeam: succeeded. Connector: playlink-connector
I1117 12:23:07.500895   57719 executor.go:89] [operation "GetUpcomingGames" attempt 1] DBStats beforeRun: sql.DBStats{MaxOpenConnections:1, OpenConnections:1, InUse:1, Idle:0, WaitCount:71, WaitDuration:8662707742, MaxIdleClosed:0, MaxIdleTimeClosed:0, MaxLifetimeClosed:0}, afterRun: sql.DBStats{MaxOpenConnections:1, OpenConnections:1, InUse:0, Idle:1, WaitCount:73, WaitDuration:8767124017, MaxIdleClosed:0, MaxIdleTimeClosed:0, MaxLifetimeClosed:0}
I1117 12:23:07.501012   57719 engine.go:171] [/emulator/playlink 433c] ExecuteQuery GetUpcomingGames: succeeded. Connector: playlink-connector
I1117 12:23:18.372625   57719 executor.go:89] [operation "GetTeams" attempt 1] DBStats beforeRun: sql.DBStats{MaxOpenConnections:1, OpenConnections:1, InUse:0, Idle:1, WaitCount:73, WaitDuration:8767124017, MaxIdleClosed:0, MaxIdleTimeClosed:0, MaxLifetimeClosed:0}, afterRun: sql.DBStats{MaxOpenConnections:1, OpenConnections:1, InUse:0, Idle:1, WaitCount:73, WaitDuration:8767124017, MaxIdleClosed:0, MaxIdleTimeClosed:0, MaxLifetimeClosed:0}
I1117 12:23:18.372701   57719 engine.go:171] [/emulator/playlink 433c] ExecuteQuery GetTeams: succeeded. Connector: playlink-connector
I1117 12:23:18.420835   57719 executor.go:89] [operation "GetTeams" attempt 1] DBStats beforeRun: sql.DBStats{MaxOpenConnections:1, OpenConnections:1, InUse:0, Idle:1, WaitCount:73, WaitDuration:8767124017, MaxIdleClosed:0, MaxIdleTimeClosed:0, MaxLifetimeClosed:0}, afterRun: sql.DBStats{MaxOpenConnections:1, OpenConnections:1, InUse:0, Idle:1, WaitCount:73, WaitDuration:8767124017, MaxIdleClosed:0, MaxIdleTimeClosed:0, MaxLifetimeClosed:0}
I1117 12:23:18.420901   57719 engine.go:171] [/emulator/playlink 433c] ExecuteQuery GetTeams: succeeded. Connector: playlink-connector
I1117 12:23:21.301560   57719 executor.go:89] [operation "GetTeamBySlug" attempt 1] DBStats beforeRun: sql.DBStats{MaxOpenConnections:1, OpenConnections:1, InUse:0, Idle:1, WaitCount:73, WaitDuration:8767124017, MaxIdleClosed:0, MaxIdleTimeClosed:0, MaxLifetimeClosed:0}, afterRun: sql.DBStats{MaxOpenConnections:1, OpenConnections:1, InUse:0, Idle:1, WaitCount:73, WaitDuration:8767124017, MaxIdleClosed:0, MaxIdleTimeClosed:0, MaxLifetimeClosed:0}
I1117 12:23:21.301693   57719 engine.go:171] [/emulator/playlink 433c] ExecuteQuery GetTeamBySlug: succeeded. Connector: playlink-connector
I1117 12:23:21.351355   57719 executor.go:89] [operation "GetTeamBySlug" attempt 1] DBStats beforeRun: sql.DBStats{MaxOpenConnections:1, OpenConnections:1, InUse:0, Idle:1, WaitCount:73, WaitDuration:8767124017, MaxIdleClosed:0, MaxIdleTimeClosed:0, MaxLifetimeClosed:0}, afterRun: sql.DBStats{MaxOpenConnections:1, OpenConnections:1, InUse:1, Idle:0, WaitCount:75, WaitDuration:8767124017, MaxIdleClosed:0, MaxIdleTimeClosed:0, MaxLifetimeClosed:0}
I1117 12:23:21.351462   57719 engine.go:171] [/emulator/playlink 433c] ExecuteQuery GetTeamBySlug: succeeded. Connector: playlink-connector
I1117 12:23:21.402283   57719 executor.go:89] [operation "GetPlayersByTeam" attempt 1] DBStats beforeRun: sql.DBStats{MaxOpenConnections:1, OpenConnections:1, InUse:1, Idle:0, WaitCount:73, WaitDuration:8767124017, MaxIdleClosed:0, MaxIdleTimeClosed:0, MaxLifetimeClosed:0}, afterRun: sql.DBStats{MaxOpenConnections:1, OpenConnections:1, InUse:1, Idle:0, WaitCount:75, WaitDuration:8802546052, MaxIdleClosed:0, MaxIdleTimeClosed:0, MaxLifetimeClosed:0}
I1117 12:23:21.402399   57719 engine.go:171] [/emulator/playlink 433c] ExecuteQuery GetPlayersByTeam: succeeded. Connector: playlink-connector
I1117 12:23:21.451630   57719 executor.go:89] [operation "GetUpcomingGames" attempt 1] DBStats beforeRun: sql.DBStats{MaxOpenConnections:1, OpenConnections:1, InUse:1, Idle:0, WaitCount:74, WaitDuration:8767124017, MaxIdleClosed:0, MaxIdleTimeClosed:0, MaxLifetimeClosed:0}, afterRun: sql.DBStats{MaxOpenConnections:1, OpenConnections:1, InUse:0, Idle:1, WaitCount:75, WaitDuration:8888309898, MaxIdleClosed:0, MaxIdleTimeClosed:0, MaxLifetimeClosed:0}
I1117 12:23:21.451729   57719 engine.go:171] [/emulator/playlink 433c] ExecuteQuery GetUpcomingGames: succeeded. Connector: playlink-connector
I1117 12:23:25.283753   57719 executor.go:89] [operation "GetTeamBySlug" attempt 1] DBStats beforeRun: sql.DBStats{MaxOpenConnections:1, OpenConnections:1, InUse:0, Idle:1, WaitCount:75, WaitDuration:8888309898, MaxIdleClosed:0, MaxIdleTimeClosed:0, MaxLifetimeClosed:0}, afterRun: sql.DBStats{MaxOpenConnections:1, OpenConnections:1, InUse:1, Idle:0, WaitCount:76, WaitDuration:8888309898, MaxIdleClosed:0, MaxIdleTimeClosed:0, MaxLifetimeClosed:0}
I1117 12:23:25.283794   57719 engine.go:171] [/emulator/playlink 433c] ExecuteQuery GetTeamBySlug: succeeded. Connector: playlink-connector
I1117 12:23:25.331056   57719 executor.go:89] [operation "GetTeamBySlug" attempt 1] DBStats beforeRun: sql.DBStats{MaxOpenConnections:1, OpenConnections:1, InUse:1, Idle:0, WaitCount:75, WaitDuration:8888309898, MaxIdleClosed:0, MaxIdleTimeClosed:0, MaxLifetimeClosed:0}, afterRun: sql.DBStats{MaxOpenConnections:1, OpenConnections:1, InUse:1, Idle:0, WaitCount:78, WaitDuration:8890424725, MaxIdleClosed:0, MaxIdleTimeClosed:0, MaxLifetimeClosed:0}
I1117 12:23:25.331140   57719 engine.go:171] [/emulator/playlink 433c] ExecuteQuery GetTeamBySlug: succeeded. Connector: playlink-connector
I1117 12:23:25.381283   57719 executor.go:89] [operation "GetUpcomingGames" attempt 1] DBStats beforeRun: sql.DBStats{MaxOpenConnections:1, OpenConnections:1, InUse:1, Idle:0, WaitCount:77, WaitDuration:8890424725, MaxIdleClosed:0, MaxIdleTimeClosed:0, MaxLifetimeClosed:0}, afterRun: sql.DBStats{MaxOpenConnections:1, OpenConnections:1, InUse:1, Idle:0, WaitCount:78, WaitDuration:8921392913, MaxIdleClosed:0, MaxIdleTimeClosed:0, MaxLifetimeClosed:0}
I1117 12:23:25.381409   57719 engine.go:171] [/emulator/playlink 433c] ExecuteQuery GetUpcomingGames: succeeded. Connector: playlink-connector
I1117 12:23:25.430951   57719 executor.go:89] [operation "GetPlayersByTeam" attempt 1] DBStats beforeRun: sql.DBStats{MaxOpenConnections:1, OpenConnections:1, InUse:1, Idle:0, WaitCount:76, WaitDuration:8890424725, MaxIdleClosed:0, MaxIdleTimeClosed:0, MaxLifetimeClosed:0}, afterRun: sql.DBStats{MaxOpenConnections:1, OpenConnections:1, InUse:0, Idle:1, WaitCount:78, WaitDuration:9003053749, MaxIdleClosed:0, MaxIdleTimeClosed:0, MaxLifetimeClosed:0}
I1117 12:23:25.431014   57719 engine.go:171] [/emulator/playlink 433c] ExecuteQuery GetPlayersByTeam: succeeded. Connector: playlink-connector
I1117 12:24:28.842387   57719 executor.go:89] [operation "GetTeamBySlug" attempt 1] DBStats beforeRun: sql.DBStats{MaxOpenConnections:1, OpenConnections:1, InUse:0, Idle:1, WaitCount:78, WaitDuration:9003053749, MaxIdleClosed:0, MaxIdleTimeClosed:0, MaxLifetimeClosed:0}, afterRun: sql.DBStats{MaxOpenConnections:1, OpenConnections:1, InUse:1, Idle:0, WaitCount:79, WaitDuration:9003053749, MaxIdleClosed:0, MaxIdleTimeClosed:0, MaxLifetimeClosed:0}
I1117 12:24:28.842516   57719 engine.go:171] [/emulator/playlink 433c] ExecuteQuery GetTeamBySlug: succeeded. Connector: playlink-connector
I1117 12:24:28.901615   57719 executor.go:89] [operation "GetGameLineups" attempt 1] DBStats beforeRun: sql.DBStats{MaxOpenConnections:1, OpenConnections:1, InUse:1, Idle:0, WaitCount:78, WaitDuration:9003053749, MaxIdleClosed:0, MaxIdleTimeClosed:0, MaxLifetimeClosed:0}, afterRun: sql.DBStats{MaxOpenConnections:1, OpenConnections:1, InUse:1, Idle:0, WaitCount:83, WaitDuration:9003595012, MaxIdleClosed:0, MaxIdleTimeClosed:0, MaxLifetimeClosed:0}
I1117 12:24:28.901651   57719 engine.go:171] [/emulator/playlink 433c] ExecuteQuery GetGameLineups: succeeded. Connector: playlink-connector
I1117 12:24:28.951732   57719 executor.go:89] [operation "GetGameDetail" attempt 1] DBStats beforeRun: sql.DBStats{MaxOpenConnections:1, OpenConnections:1, InUse:1, Idle:0, WaitCount:81, WaitDuration:9003595012, MaxIdleClosed:0, MaxIdleTimeClosed:0, MaxLifetimeClosed:0}, afterRun: sql.DBStats{MaxOpenConnections:1, OpenConnections:1, InUse:1, Idle:0, WaitCount:83, WaitDuration:9030694285, MaxIdleClosed:0, MaxIdleTimeClosed:0, MaxLifetimeClosed:0}
I1117 12:24:28.951776   57719 engine.go:171] [/emulator/playlink 433c] ExecuteQuery GetGameDetail: succeeded. Connector: playlink-connector
I1117 12:24:29.001660   57719 executor.go:89] [operation "GetTeamBySlug" attempt 1] DBStats beforeRun: sql.DBStats{MaxOpenConnections:1, OpenConnections:1, InUse:1, Idle:0, WaitCount:79, WaitDuration:9003595012, MaxIdleClosed:0, MaxIdleTimeClosed:0, MaxLifetimeClosed:0}, afterRun: sql.DBStats{MaxOpenConnections:1, OpenConnections:1, InUse:1, Idle:0, WaitCount:85, WaitDuration:9137781071, MaxIdleClosed:0, MaxIdleTimeClosed:0, MaxLifetimeClosed:0}
I1117 12:24:29.001723   57719 engine.go:171] [/emulator/playlink 433c] ExecuteQuery GetTeamBySlug: succeeded. Connector: playlink-connector
I1117 12:24:29.051687   57719 executor.go:89] [operation "GetGameDetail" attempt 1] DBStats beforeRun: sql.DBStats{MaxOpenConnections:1, OpenConnections:1, InUse:1, Idle:0, WaitCount:80, WaitDuration:9003595012, MaxIdleClosed:0, MaxIdleTimeClosed:0, MaxLifetimeClosed:0}, afterRun: sql.DBStats{MaxOpenConnections:1, OpenConnections:1, InUse:1, Idle:0, WaitCount:85, WaitDuration:9292973783, MaxIdleClosed:0, MaxIdleTimeClosed:0, MaxLifetimeClosed:0}
I1117 12:24:29.051735   57719 engine.go:171] [/emulator/playlink 433c] ExecuteQuery GetGameDetail: succeeded. Connector: playlink-connector
I1117 12:24:29.102437   57719 executor.go:89] [operation "GetPlayersByTeam" attempt 1] DBStats beforeRun: sql.DBStats{MaxOpenConnections:1, OpenConnections:1, InUse:1, Idle:0, WaitCount:84, WaitDuration:9137781071, MaxIdleClosed:0, MaxIdleTimeClosed:0, MaxLifetimeClosed:0}, afterRun: sql.DBStats{MaxOpenConnections:1, OpenConnections:1, InUse:1, Idle:0, WaitCount:85, WaitDuration:9517415671, MaxIdleClosed:0, MaxIdleTimeClosed:0, MaxLifetimeClosed:0}
I1117 12:24:29.102521   57719 engine.go:171] [/emulator/playlink 433c] ExecuteQuery GetPlayersByTeam: succeeded. Connector: playlink-connector
I1117 12:24:29.151769   57719 executor.go:89] [operation "GetPlayersByTeam" attempt 1] DBStats beforeRun: sql.DBStats{MaxOpenConnections:1, OpenConnections:1, InUse:1, Idle:0, WaitCount:83, WaitDuration:9137781071, MaxIdleClosed:0, MaxIdleTimeClosed:0, MaxLifetimeClosed:0}, afterRun: sql.DBStats{MaxOpenConnections:1, OpenConnections:1, InUse:1, Idle:0, WaitCount:85, WaitDuration:9517415671, MaxIdleClosed:0, MaxIdleTimeClosed:0, MaxLifetimeClosed:0}
I1117 12:24:29.151830   57719 engine.go:171] [/emulator/playlink 433c] ExecuteQuery GetPlayersByTeam: succeeded. Connector: playlink-connector
I1117 12:24:29.201688   57719 executor.go:89] [operation "GetGameLineups" attempt 1] DBStats beforeRun: sql.DBStats{MaxOpenConnections:1, OpenConnections:1, InUse:1, Idle:0, WaitCount:82, WaitDuration:9003595012, MaxIdleClosed:0, MaxIdleTimeClosed:0, MaxLifetimeClosed:0}, afterRun: sql.DBStats{MaxOpenConnections:1, OpenConnections:1, InUse:0, Idle:1, WaitCount:85, WaitDuration:9793509055, MaxIdleClosed:0, MaxIdleTimeClosed:0, MaxLifetimeClosed:0}
I1117 12:24:29.201750   57719 engine.go:171] [/emulator/playlink 433c] ExecuteQuery GetGameLineups: succeeded. Connector: playlink-connector
W1117 12:24:32.308727   57719 engine.go:169] [/emulator/playlink 433c] ExecuteMutation CreateLineupEntry: failed with explicit status error: rpc error: code = Unauthenticated desc = unauthenticated: this operation requires a signed-in user. Connector: playlink-connector
Auth: public
Variables Set:
[battingOrder gameId isStarter playerId position]
Status: rpc error: code = Unauthenticated desc = unauthenticated: this operation requires a signed-in user
Errors: [message:"@auth rejected the request" extensions:{code:UNAUTHENTICATED debug_details:"@auth(level: USER) requires a signed-in user"}]
sources: connector/mutations.gql [9773B] connector/queries.gql [6684B] 
W1117 12:24:33.865089   57719 engine.go:169] [/emulator/playlink 433c] ExecuteMutation CreateLineupEntry: failed with explicit status error: rpc error: code = Unauthenticated desc = unauthenticated: this operation requires a signed-in user. Connector: playlink-connector
Auth: public
Variables Set:
[battingOrder gameId isStarter playerId position]
Status: rpc error: code = Unauthenticated desc = unauthenticated: this operation requires a signed-in user
Errors: [message:"@auth rejected the request" extensions:{code:UNAUTHENTICATED debug_details:"@auth(level: USER) requires a signed-in user"}]
sources: connector/mutations.gql [9773B] connector/queries.gql [6684B] 
I1117 12:25:04.569784   57719 executor.go:89] [operation "GetTeamBySlug" attempt 1] DBStats beforeRun: sql.DBStats{MaxOpenConnections:1, OpenConnections:1, InUse:0, Idle:1, WaitCount:85, WaitDuration:9793509055, MaxIdleClosed:0, MaxIdleTimeClosed:0, MaxLifetimeClosed:0}, afterRun: sql.DBStats{MaxOpenConnections:1, OpenConnections:1, InUse:0, Idle:1, WaitCount:85, WaitDuration:9793509055, MaxIdleClosed:0, MaxIdleTimeClosed:0, MaxLifetimeClosed:0}
I1117 12:25:04.569894   57719 engine.go:171] [/emulator/playlink 433c] ExecuteQuery GetTeamBySlug: succeeded. Connector: playlink-connector
I1117 12:25:04.630905   57719 executor.go:89] [operation "GetTeamBySlug" attempt 1] DBStats beforeRun: sql.DBStats{MaxOpenConnections:1, OpenConnections:1, InUse:0, Idle:1, WaitCount:85, WaitDuration:9793509055, MaxIdleClosed:0, MaxIdleTimeClosed:0, MaxLifetimeClosed:0}, afterRun: sql.DBStats{MaxOpenConnections:1, OpenConnections:1, InUse:1, Idle:0, WaitCount:87, WaitDuration:9793509055, MaxIdleClosed:0, MaxIdleTimeClosed:0, MaxLifetimeClosed:0}
I1117 12:25:04.630958   57719 engine.go:171] [/emulator/playlink 433c] ExecuteQuery GetTeamBySlug: succeeded. Connector: playlink-connector
I1117 12:25:04.680831   57719 executor.go:89] [operation "GetUpcomingGames" attempt 1] DBStats beforeRun: sql.DBStats{MaxOpenConnections:1, OpenConnections:1, InUse:1, Idle:0, WaitCount:85, WaitDuration:9793509055, MaxIdleClosed:0, MaxIdleTimeClosed:0, MaxLifetimeClosed:0}, afterRun: sql.DBStats{MaxOpenConnections:1, OpenConnections:1, InUse:1, Idle:0, WaitCount:87, WaitDuration:9841994710, MaxIdleClosed:0, MaxIdleTimeClosed:0, MaxLifetimeClosed:0}
I1117 12:25:04.680878   57719 engine.go:171] [/emulator/playlink 433c] ExecuteQuery GetUpcomingGames: succeeded. Connector: playlink-connector
I1117 12:25:04.730899   57719 executor.go:89] [operation "GetPlayersByTeam" attempt 1] DBStats beforeRun: sql.DBStats{MaxOpenConnections:1, OpenConnections:1, InUse:1, Idle:0, WaitCount:86, WaitDuration:9793509055, MaxIdleClosed:0, MaxIdleTimeClosed:0, MaxLifetimeClosed:0}, afterRun: sql.DBStats{MaxOpenConnections:1, OpenConnections:1, InUse:0, Idle:1, WaitCount:87, WaitDuration:9940173831, MaxIdleClosed:0, MaxIdleTimeClosed:0, MaxLifetimeClosed:0}
I1117 12:25:04.730979   57719 engine.go:171] [/emulator/playlink 433c] ExecuteQuery GetPlayersByTeam: succeeded. Connector: playlink-connector
I1117 12:36:32.466553   57719 executor.go:89] [operation "GetTeamBySlug" attempt 1] DBStats beforeRun: sql.DBStats{MaxOpenConnections:1, OpenConnections:1, InUse:0, Idle:1, WaitCount:87, WaitDuration:9940173831, MaxIdleClosed:0, MaxIdleTimeClosed:0, MaxLifetimeClosed:0}, afterRun: sql.DBStats{MaxOpenConnections:1, OpenConnections:1, InUse:1, Idle:0, WaitCount:88, WaitDuration:9971427462, MaxIdleClosed:0, MaxIdleTimeClosed:0, MaxLifetimeClosed:0}
I1117 12:36:32.466814   57719 engine.go:171] [/emulator/playlink 433c] ExecuteQuery GetTeamBySlug: succeeded. Connector: playlink-connector
I1117 12:36:32.513537   57719 executor.go:89] [operation "GetTeamBySlug" attempt 1] DBStats beforeRun: sql.DBStats{MaxOpenConnections:1, OpenConnections:1, InUse:0, Idle:1, WaitCount:87, WaitDuration:9940173831, MaxIdleClosed:0, MaxIdleTimeClosed:0, MaxLifetimeClosed:0}, afterRun: sql.DBStats{MaxOpenConnections:1, OpenConnections:1, InUse:1, Idle:0, WaitCount:89, WaitDuration:9971427462, MaxIdleClosed:0, MaxIdleTimeClosed:0, MaxLifetimeClosed:0}
I1117 12:36:32.513599   57719 engine.go:171] [/emulator/playlink 433c] ExecuteQuery GetTeamBySlug: succeeded. Connector: playlink-connector
I1117 12:36:32.573676   57719 executor.go:89] [operation "GetUpcomingGames" attempt 1] DBStats beforeRun: sql.DBStats{MaxOpenConnections:1, OpenConnections:1, InUse:1, Idle:0, WaitCount:88, WaitDuration:9971427462, MaxIdleClosed:0, MaxIdleTimeClosed:0, MaxLifetimeClosed:0}, afterRun: sql.DBStats{MaxOpenConnections:1, OpenConnections:1, InUse:1, Idle:0, WaitCount:90, WaitDuration:10002059743, MaxIdleClosed:0, MaxIdleTimeClosed:0, MaxLifetimeClosed:0}
I1117 12:36:32.573725   57719 engine.go:171] [/emulator/playlink 433c] ExecuteQuery GetUpcomingGames: succeeded. Connector: playlink-connector
I1117 12:36:32.623609   57719 executor.go:89] [operation "GetPlayersByTeam" attempt 1] DBStats beforeRun: sql.DBStats{MaxOpenConnections:1, OpenConnections:1, InUse:1, Idle:0, WaitCount:89, WaitDuration:10002059743, MaxIdleClosed:0, MaxIdleTimeClosed:0, MaxLifetimeClosed:0}, afterRun: sql.DBStats{MaxOpenConnections:1, OpenConnections:1, InUse:0, Idle:1, WaitCount:90, WaitDuration:10057173874, MaxIdleClosed:0, MaxIdleTimeClosed:0, MaxLifetimeClosed:0}
I1117 12:36:32.623759   57719 engine.go:171] [/emulator/playlink 433c] ExecuteQuery GetPlayersByTeam: succeeded. Connector: playlink-connector
I1117 12:37:56.385889   57719 engine.go:173] [/emulator/playlink 433c] ExecuteQuery GetPlayersByTeam: invalid request. Connector: playlink-connector
Auth: public
Variables Set:
[teamId]
Errors: [message:"$teamId is invalid UUID: invalid uuid: 'team-1'"]
sources: connector/mutations.gql [9773B] connector/queries.gql [6684B] 
I1117 12:37:56.385929   57719 engine.go:173] [/emulator/playlink 433c] ExecuteQuery GetPlayersByTeam: invalid request. Connector: playlink-connector
Auth: public
Variables Set:
[teamId]
Errors: [message:"$teamId is invalid UUID: invalid uuid: 'team-1'"]
sources: connector/queries.gql [6684B] connector/mutations.gql [9773B] 
I1117 12:40:20.937714   57719 engine.go:173] [/emulator/playlink 433c] ExecuteQuery GetGameLineups: invalid request. Connector: playlink-connector
Auth: public
Variables Set:
[gameId]
Errors: [message:"$gameId is invalid UUID: invalid uuid: '1'"]
sources: connector/mutations.gql [9773B] connector/queries.gql [6684B] 
I1117 12:40:20.942504   57719 engine.go:173] [/emulator/playlink 433c] ExecuteQuery GetGameLineups: invalid request. Connector: playlink-connector
Auth: public
Variables Set:
[gameId]
Errors: [message:"$gameId is invalid UUID: invalid uuid: '1'"]
sources: connector/mutations.gql [9773B] connector/queries.gql [6684B] 
I1117 12:40:20.944565   57719 engine.go:173] [/emulator/playlink 433c] ExecuteQuery GetGamePlays: invalid request. Connector: playlink-connector
Auth: public
Variables Set:
[gameId]
Errors: [message:"$gameId is invalid UUID: invalid uuid: '1'"]
sources: connector/mutations.gql [9773B] connector/queries.gql [6684B] 
I1117 12:40:20.948099   57719 engine.go:173] [/emulator/playlink 433c] ExecuteQuery GetGamePlays: invalid request. Connector: playlink-connector
Auth: public
Variables Set:
[gameId]
Errors: [message:"$gameId is invalid UUID: invalid uuid: '1'"]
sources: connector/mutations.gql [9773B] connector/queries.gql [6684B] 
I1117 12:40:50.132001   57719 engine.go:173] [/emulator/playlink 433c] ExecuteQuery GetGameLineups: invalid request. Connector: playlink-connector
Auth: public
Variables Set:
[gameId]
Errors: [message:"$gameId is invalid UUID: invalid uuid: '2'"]
sources: connector/mutations.gql [9773B] connector/queries.gql [6684B] 
I1117 12:40:50.144362   57719 engine.go:173] [/emulator/playlink 433c] ExecuteQuery GetGamePlays: invalid request. Connector: playlink-connector
Auth: public
Variables Set:
[gameId]
Errors: [message:"$gameId is invalid UUID: invalid uuid: '2'"]
sources: connector/mutations.gql [9773B] connector/queries.gql [6684B] 
I1117 12:40:52.655270   57719 engine.go:173] [/emulator/playlink 433c] ExecuteQuery GetGameLineups: invalid request. Connector: playlink-connector
Auth: public
Variables Set:
[gameId]
Errors: [message:"$gameId is invalid UUID: invalid uuid: '1'"]
sources: connector/queries.gql [6684B] connector/mutations.gql [9773B] 
I1117 12:40:52.655607   57719 engine.go:173] [/emulator/playlink 433c] ExecuteQuery GetGamePlays: invalid request. Connector: playlink-connector
Auth: public
Variables Set:
[gameId]
Errors: [message:"$gameId is invalid UUID: invalid uuid: '1'"]
sources: connector/mutations.gql [9773B] connector/queries.gql [6684B] 
I1117 13:02:41.969227   57719 engine.go:173] [/emulator/playlink 433c] ExecuteQuery GetGamePlays: invalid request. Connector: playlink-connector
Auth: public
Variables Set:
[gameId]
Errors: [message:"$gameId is invalid UUID: invalid uuid: '1'"]
sources: connector/mutations.gql [9773B] connector/queries.gql [6684B] 
I1117 13:02:41.969233   57719 engine.go:173] [/emulator/playlink 433c] ExecuteQuery GetGameLineups: invalid request. Connector: playlink-connector
Auth: public
Variables Set:
[gameId]
Errors: [message:"$gameId is invalid UUID: invalid uuid: '1'"]
sources: connector/mutations.gql [9773B] connector/queries.gql [6684B] 
I1117 13:02:41.969226   57719 engine.go:173] [/emulator/playlink 433c] ExecuteQuery GetGamePlays: invalid request. Connector: playlink-connector
Auth: public
Variables Set:
[gameId]
Errors: [message:"$gameId is invalid UUID: invalid uuid: '1'"]
sources: connector/mutations.gql [9773B] connector/queries.gql [6684B] 
I1117 13:02:41.969253   57719 engine.go:173] [/emulator/playlink 433c] ExecuteQuery GetGameLineups: invalid request. Connector: playlink-connector
Auth: public
Variables Set:
[gameId]
Errors: [message:"$gameId is invalid UUID: invalid uuid: '1'"]
sources: connector/mutations.gql [9773B] connector/queries.gql [6684B] 
I1117 14:24:15.213123   57719 engine.go:173] [/emulator/playlink 433c] ExecuteQuery GetPlayersByTeam: invalid request. Connector: playlink-connector
Auth: public
Variables Set:
[teamId]
Errors: [message:"$teamId is invalid UUID: invalid uuid: 'team-1'"]
sources: connector/mutations.gql [9773B] connector/queries.gql [6684B] 
I1117 14:24:15.213122   57719 engine.go:173] [/emulator/playlink 433c] ExecuteQuery GetPlayersByTeam: invalid request. Connector: playlink-connector
Auth: public
Variables Set:
[teamId]
Errors: [message:"$teamId is invalid UUID: invalid uuid: 'team-1'"]
sources: connector/mutations.gql [9773B] connector/queries.gql [6684B] 
I1117 14:34:46.717304   57719 executor.go:89] [operation "GetTeamBySlug" attempt 1] DBStats beforeRun: sql.DBStats{MaxOpenConnections:1, OpenConnections:1, InUse:0, Idle:1, WaitCount:90, WaitDuration:10057173874, MaxIdleClosed:0, MaxIdleTimeClosed:0, MaxLifetimeClosed:0}, afterRun: sql.DBStats{MaxOpenConnections:1, OpenConnections:1, InUse:1, Idle:0, WaitCount:91, WaitDuration:10295405228, MaxIdleClosed:0, MaxIdleTimeClosed:0, MaxLifetimeClosed:0}
I1117 14:34:46.720833   57719 engine.go:171] [/emulator/playlink 433c] ExecuteQuery GetTeamBySlug: succeeded. Connector: playlink-connector
I1117 14:34:46.764829   57719 executor.go:89] [operation "GetTeamBySlug" attempt 1] DBStats beforeRun: sql.DBStats{MaxOpenConnections:1, OpenConnections:1, InUse:0, Idle:1, WaitCount:90, WaitDuration:10057173874, MaxIdleClosed:0, MaxIdleTimeClosed:0, MaxLifetimeClosed:0}, afterRun: sql.DBStats{MaxOpenConnections:1, OpenConnections:1, InUse:1, Idle:0, WaitCount:93, WaitDuration:10295405228, MaxIdleClosed:0, MaxIdleTimeClosed:0, MaxLifetimeClosed:0}
I1117 14:34:46.765642   57719 engine.go:171] [/emulator/playlink 433c] ExecuteQuery GetTeamBySlug: succeeded. Connector: playlink-connector
I1117 14:34:46.846243   57719 executor.go:89] [operation "GetPlayersByTeam" attempt 1] DBStats beforeRun: sql.DBStats{MaxOpenConnections:1, OpenConnections:1, InUse:1, Idle:0, WaitCount:92, WaitDuration:10295405228, MaxIdleClosed:0, MaxIdleTimeClosed:0, MaxLifetimeClosed:0}, afterRun: sql.DBStats{MaxOpenConnections:1, OpenConnections:1, InUse:1, Idle:0, WaitCount:93, WaitDuration:10399326476, MaxIdleClosed:0, MaxIdleTimeClosed:0, MaxLifetimeClosed:0}
I1117 14:34:46.846325   57719 engine.go:171] [/emulator/playlink 433c] ExecuteQuery GetPlayersByTeam: succeeded. Connector: playlink-connector
I1117 14:34:47.057475   57719 executor.go:89] [operation "GetUpcomingGames" attempt 1] DBStats beforeRun: sql.DBStats{MaxOpenConnections:1, OpenConnections:1, InUse:1, Idle:0, WaitCount:91, WaitDuration:10295405228, MaxIdleClosed:0, MaxIdleTimeClosed:0, MaxLifetimeClosed:0}, afterRun: sql.DBStats{MaxOpenConnections:1, OpenConnections:1, InUse:0, Idle:1, WaitCount:93, WaitDuration:10399326476, MaxIdleClosed:0, MaxIdleTimeClosed:0, MaxLifetimeClosed:0}
I1117 14:34:47.058959   57719 engine.go:171] [/emulator/playlink 433c] ExecuteQuery GetUpcomingGames: succeeded. Connector: playlink-connector
I1117 14:49:52.011125   57719 executor.go:89] [operation "GetTeamBySlug" attempt 1] DBStats beforeRun: sql.DBStats{MaxOpenConnections:1, OpenConnections:1, InUse:0, Idle:1, WaitCount:93, WaitDuration:10399326476, MaxIdleClosed:0, MaxIdleTimeClosed:0, MaxLifetimeClosed:0}, afterRun: sql.DBStats{MaxOpenConnections:1, OpenConnections:1, InUse:1, Idle:0, WaitCount:94, WaitDuration:10711010699, MaxIdleClosed:0, MaxIdleTimeClosed:0, MaxLifetimeClosed:0}
I1117 14:49:52.017242   57719 engine.go:171] [/emulator/playlink 433c] ExecuteQuery GetTeamBySlug: succeeded. Connector: playlink-connector
I1117 14:49:52.063959   57719 executor.go:89] [operation "GetTeamBySlug" attempt 1] DBStats beforeRun: sql.DBStats{MaxOpenConnections:1, OpenConnections:1, InUse:0, Idle:1, WaitCount:93, WaitDuration:10399326476, MaxIdleClosed:0, MaxIdleTimeClosed:0, MaxLifetimeClosed:0}, afterRun: sql.DBStats{MaxOpenConnections:1, OpenConnections:1, InUse:1, Idle:0, WaitCount:96, WaitDuration:10711010699, MaxIdleClosed:0, MaxIdleTimeClosed:0, MaxLifetimeClosed:0}
I1117 14:49:52.064177   57719 engine.go:171] [/emulator/playlink 433c] ExecuteQuery GetTeamBySlug: succeeded. Connector: playlink-connector
I1117 14:49:52.185043   57719 executor.go:89] [operation "GetUpcomingGames" attempt 1] DBStats beforeRun: sql.DBStats{MaxOpenConnections:1, OpenConnections:1, InUse:1, Idle:0, WaitCount:94, WaitDuration:10711010699, MaxIdleClosed:0, MaxIdleTimeClosed:0, MaxLifetimeClosed:0}, afterRun: sql.DBStats{MaxOpenConnections:1, OpenConnections:1, InUse:1, Idle:0, WaitCount:96, WaitDuration:10869961334, MaxIdleClosed:0, MaxIdleTimeClosed:0, MaxLifetimeClosed:0}
I1117 14:49:52.185077   57719 engine.go:171] [/emulator/playlink 433c] ExecuteQuery GetUpcomingGames: succeeded. Connector: playlink-connector
I1117 14:49:52.244298   57719 executor.go:89] [operation "GetPlayersByTeam" attempt 1] DBStats beforeRun: sql.DBStats{MaxOpenConnections:1, OpenConnections:1, InUse:1, Idle:0, WaitCount:95, WaitDuration:10711010699, MaxIdleClosed:0, MaxIdleTimeClosed:0, MaxLifetimeClosed:0}, afterRun: sql.DBStats{MaxOpenConnections:1, OpenConnections:1, InUse:0, Idle:1, WaitCount:96, WaitDuration:10869961334, MaxIdleClosed:0, MaxIdleTimeClosed:0, MaxLifetimeClosed:0}
I1117 14:49:52.244452   57719 engine.go:171] [/emulator/playlink 433c] ExecuteQuery GetPlayersByTeam: succeeded. Connector: playlink-connector
